# JRE version: Java(TM) SE Runtime Environment (8.0_25-b18) (build 1.8.0_25-b18)
# Java VM: Java HotSpot(TM) 64-Bit Server VM (25.25-b02 mixed mode windows-amd64 compressed oops)
Heap:
 def new generation   total 25408K, used 10178K [0x00000000e0000000, 0x00000000e1b90000, 0x00000000eaaa0000)
  eden space 22592K,  37% used [0x00000000e0000000, 0x00000000e0849238, 0x00000000e1610000)
  from space 2816K,  60% used [0x00000000e18d0000, 0x00000000e1a77600, 0x00000000e1b90000)
  to   space 2816K,   0% used [0x00000000e1610000, 0x00000000e1610000, 0x00000000e18d0000)
 tenured generation   total 56300K, used 32605K [0x00000000eaaa0000, 0x00000000ee19b000, 0x0000000100000000)
   the space 56300K,  57% used [0x00000000eaaa0000, 0x00000000eca777a0, 0x00000000eca77800, 0x00000000ee19b000)
 Metaspace       used 67376K, capacity 72482K, committed 72728K, reserved 1112064K
  class space    used 8129K, capacity 9715K, committed 9776K, reserved 1048576K
GC Heap History (10 events):
Event: 690.706 GC heap before
{Heap before GC invocations=30 (full 12):
 def new generation   total 25408K, used 9713K [0x00000000e0000000, 0x00000000e1b90000, 0x00000000eaaa0000)
  eden space 22592K,  42% used [0x00000000e0000000, 0x00000000e097c668, 0x00000000e1610000)
  from space 2816K,   0% used [0x00000000e18d0000, 0x00000000e18d0000, 0x00000000e1b90000)
  to   space 2816K,   0% used [0x00000000e1610000, 0x00000000e1610000, 0x00000000e18d0000)
 tenured generation   total 56300K, used 30250K [0x00000000eaaa0000, 0x00000000ee19b000, 0x0000000100000000)
   the space 56300K,  53% used [0x00000000eaaa0000, 0x00000000ec82ab58, 0x00000000ec82ac00, 0x00000000ee19b000)
 Metaspace       used 63530K, capacity 68570K, committed 68888K, reserved 1107968K
  class space    used 7752K, capacity 9392K, committed 9520K, reserved 1048576K
Event: 690.826 GC heap after
Heap after GC invocations=31 (full 13):
 def new generation   total 25408K, used 0K [0x00000000e0000000, 0x00000000e1b90000, 0x00000000eaaa0000)
  eden space 22592K,   0% used [0x00000000e0000000, 0x00000000e0000000, 0x00000000e1610000)
  from space 2816K,   0% used [0x00000000e18d0000, 0x00000000e18d0000, 0x00000000e1b90000)
  to   space 2816K,   0% used [0x00000000e1610000, 0x00000000e1610000, 0x00000000e18d0000)
 tenured generation   total 56300K, used 31056K [0x00000000eaaa0000, 0x00000000ee19b000, 0x0000000100000000)
   the space 56300K,  55% used [0x00000000eaaa0000, 0x00000000ec8f4058, 0x00000000ec8f4200, 0x00000000ee19b000)
 Metaspace       used 63530K, capacity 68570K, committed 68888K, reserved 1107968K
  class space    used 7752K, capacity 9392K, committed 9520K, reserved 1048576K
}
Event: 758.879 GC heap before
{Heap before GC invocations=31 (full 13):
 def new generation   total 25408K, used 2502K [0x00000000e0000000, 0x00000000e1b90000, 0x00000000eaaa0000)
  eden space 22592K,  11% used [0x00000000e0000000, 0x00000000e0271a10, 0x00000000e1610000)
  from space 2816K,   0% used [0x00000000e18d0000, 0x00000000e18d0000, 0x00000000e1b90000)
  to   space 2816K,   0% used [0x00000000e1610000, 0x00000000e1610000, 0x00000000e18d0000)
 tenured generation   total 56300K, used 31056K [0x00000000eaaa0000, 0x00000000ee19b000, 0x0000000100000000)
   the space 56300K,  55% used [0x00000000eaaa0000, 0x00000000ec8f4058, 0x00000000ec8f4200, 0x00000000ee19b000)
 Metaspace       used 63546K, capacity 68570K, committed 68888K, reserved 1107968K
  class space    used 7754K, capacity 9392K, committed 9520K, reserved 1048576K
Event: 759.007 GC heap after
Heap after GC invocations=32 (full 14):
 def new generation   total 25408K, used 0K [0x00000000e0000000, 0x00000000e1b90000, 0x00000000eaaa0000)
  eden space 22592K,   0% used [0x00000000e0000000, 0x00000000e0000000, 0x00000000e1610000)
  from space 2816K,   0% used [0x00000000e18d0000, 0x00000000e18d0000, 0x00000000e1b90000)
  to   space 2816K,   0% used [0x00000000e1610000, 0x00000000e1610000, 0x00000000e18d0000)
 tenured generation   total 56300K, used 31114K [0x00000000eaaa0000, 0x00000000ee19b000, 0x0000000100000000)
   the space 56300K,  55% used [0x00000000eaaa0000, 0x00000000ec9028f0, 0x00000000ec902a00, 0x00000000ee19b000)
 Metaspace       used 63546K, capacity 68570K, committed 68888K, reserved 1107968K
  class space    used 7754K, capacity 9392K, committed 9520K, reserved 1048576K
}
Event: 812.568 GC heap before
{Heap before GC invocations=32 (full 14):
 def new generation   total 25408K, used 2849K [0x00000000e0000000, 0x00000000e1b90000, 0x00000000eaaa0000)
  eden space 22592K,  12% used [0x00000000e0000000, 0x00000000e02c8768, 0x00000000e1610000)
  from space 2816K,   0% used [0x00000000e18d0000, 0x00000000e18d0000, 0x00000000e1b90000)
  to   space 2816K,   0% used [0x00000000e1610000, 0x00000000e1610000, 0x00000000e18d0000)
 tenured generation   total 56300K, used 31114K [0x00000000eaaa0000, 0x00000000ee19b000, 0x0000000100000000)
   the space 56300K,  55% used [0x00000000eaaa0000, 0x00000000ec9028f0, 0x00000000ec902a00, 0x00000000ee19b000)
 Metaspace       used 63613K, capacity 68698K, committed 68888K, reserved 1107968K
  class space    used 7759K, capacity 9392K, committed 9520K, reserved 1048576K
Event: 812.723 GC heap after
Heap after GC invocations=33 (full 15):
 def new generation   total 25408K, used 0K [0x00000000e0000000, 0x00000000e1b90000, 0x00000000eaaa0000)
  eden space 22592K,   0% used [0x00000000e0000000, 0x00000000e0000000, 0x00000000e1610000)
  from space 2816K,   0% used [0x00000000e18d0000, 0x00000000e18d0000, 0x00000000e1b90000)
  to   space 2816K,   0% used [0x00000000e1610000, 0x00000000e1610000, 0x00000000e18d0000)
 tenured generation   total 56300K, used 31208K [0x00000000eaaa0000, 0x00000000ee19b000, 0x0000000100000000)
   the space 56300K,  55% used [0x00000000eaaa0000, 0x00000000ec91a338, 0x00000000ec91a400, 0x00000000ee19b000)
 Metaspace       used 63613K, capacity 68698K, committed 68888K, reserved 1107968K
  class space    used 7759K, capacity 9392K, committed 9520K, reserved 1048576K
}
Event: 825.019 GC heap before
{Heap before GC invocations=33 (full 15):
 def new generation   total 25408K, used 22591K [0x00000000e0000000, 0x00000000e1b90000, 0x00000000eaaa0000)
  eden space 22592K,  99% used [0x00000000e0000000, 0x00000000e160ffd8, 0x00000000e1610000)
  from space 2816K,   0% used [0x00000000e18d0000, 0x00000000e18d0000, 0x00000000e1b90000)
  to   space 2816K,   0% used [0x00000000e1610000, 0x00000000e1610000, 0x00000000e18d0000)
 tenured generation   total 56300K, used 31208K [0x00000000eaaa0000, 0x00000000ee19b000, 0x0000000100000000)
   the space 56300K,  55% used [0x00000000eaaa0000, 0x00000000ec91a338, 0x00000000ec91a400, 0x00000000ee19b000)
 Metaspace       used 65070K, capacity 70138K, committed 70296K, reserved 1110016K
  class space    used 7919K, capacity 9552K, committed 9648K, reserved 1048576K
Event: 825.027 GC heap after
Heap after GC invocations=34 (full 15):
 def new generation   total 25408K, used 2815K [0x00000000e0000000, 0x00000000e1b90000, 0x00000000eaaa0000)
  eden space 22592K,   0% used [0x00000000e0000000, 0x00000000e0000000, 0x00000000e1610000)
  from space 2816K,  99% used [0x00000000e1610000, 0x00000000e18cfff8, 0x00000000e18d0000)
  to   space 2816K,   0% used [0x00000000e18d0000, 0x00000000e18d0000, 0x00000000e1b90000)
 tenured generation   total 56300K, used 31847K [0x00000000eaaa0000, 0x00000000ee19b000, 0x0000000100000000)
   the space 56300K,  56% used [0x00000000eaaa0000, 0x00000000ec9b9d00, 0x00000000ec9b9e00, 0x00000000ee19b000)
 Metaspace       used 65070K, capacity 70138K, committed 70296K, reserved 1110016K
  class space    used 7919K, capacity 9552K, committed 9648K, reserved 1048576K
}
Event: 841.394 GC heap before
{Heap before GC invocations=34 (full 15):
 def new generation   total 25408K, used 25407K [0x00000000e0000000, 0x00000000e1b90000, 0x00000000eaaa0000)
  eden space 22592K, 100% used [0x00000000e0000000, 0x00000000e1610000, 0x00000000e1610000)
  from space 2816K,  99% used [0x00000000e1610000, 0x00000000e18cfff8, 0x00000000e18d0000)
  to   space 2816K,   0% used [0x00000000e18d0000, 0x00000000e18d0000, 0x00000000e1b90000)
 tenured generation   total 56300K, used 31847K [0x00000000eaaa0000, 0x00000000ee19b000, 0x0000000100000000)
   the space 56300K,  56% used [0x00000000eaaa0000, 0x00000000ec9b9d00, 0x00000000ec9b9e00, 0x00000000ee19b000)
 Metaspace       used 67016K, capacity 72220K, committed 72472K, reserved 1112064K
  class space    used 8098K, capacity 9714K, committed 9776K, reserved 1048576K
Event: 841.405 GC heap after
Heap after GC invocations=35 (full 15):
 def new generation   total 25408K, used 1693K [0x00000000e0000000, 0x00000000e1b90000, 0x00000000eaaa0000)
  eden space 22592K,   0% used [0x00000000e0000000, 0x00000000e0000000, 0x00000000e1610000)
  from space 2816K,  60% used [0x00000000e18d0000, 0x00000000e1a77600, 0x00000000e1b90000)
  to   space 2816K,   0% used [0x00000000e1610000, 0x00000000e1610000, 0x00000000e18d0000)
 tenured generation   total 56300K, used 32605K [0x00000000eaaa0000, 0x00000000ee19b000, 0x0000000100000000)
   the space 56300K,  57% used [0x00000000eaaa0000, 0x00000000eca777a0, 0x00000000eca77800, 0x00000000ee19b000)
 Metaspace       used 67016K, capacity 72220K, committed 72472K, reserved 1112064K
  class space    used 8098K, capacity 9714K, committed 9776K, reserved 1048576K
}

