# JRE version: Java(TM) SE Runtime Environment (8.0_25-b18) (build 1.8.0_25-b18)
# Java VM: Java HotSpot(TM) 64-Bit Server VM (25.25-b02 mixed mode windows-amd64 compressed oops)
Heap:
 PSYoungGen      total 66048K, used 44064K [0x00000000f5580000, 0x00000000fa600000, 0x0000000100000000)
  eden space 51712K, 76% used [0x00000000f5580000,0x00000000f7c394c8,0x00000000f8800000)
  from space 14336K, 30% used [0x00000000f9800000,0x00000000f9c4eca8,0x00000000fa600000)
  to   space 15360K, 0% used [0x00000000f8800000,0x00000000f8800000,0x00000000f9700000)
 ParOldGen       total 70144K, used 38766K [0x00000000e0000000, 0x00000000e4480000, 0x00000000f5580000)
  object space 70144K, 55% used [0x00000000e0000000,0x00000000e25dbba8,0x00000000e4480000)
 Metaspace       used 65058K, capacity 69732K, committed 69848K, reserved 1110016K
  class space    used 8004K, capacity 9424K, committed 9432K, reserved 1048576K
GC Heap History (10 events):
Event: 112.713 GC heap before
{Heap before GC invocations=17 (full 3):
 PSYoungGen      total 47104K, used 5462K [0x00000000f5580000, 0x00000000f9180000, 0x0000000100000000)
  eden space 32768K, 0% used [0x00000000f5580000,0x00000000f5580000,0x00000000f7580000)
  from space 14336K, 38% used [0x00000000f8380000,0x00000000f88d59e0,0x00000000f9180000)
  to   space 14336K, 0% used [0x00000000f7580000,0x00000000f7580000,0x00000000f8380000)
 ParOldGen       total 51200K, used 26291K [0x00000000e0000000, 0x00000000e3200000, 0x00000000f5580000)
  object space 51200K, 51% used [0x00000000e0000000,0x00000000e19acd70,0x00000000e3200000)
 Metaspace       used 54984K, capacity 58972K, committed 59028K, reserved 1099776K
  class space    used 6811K, capacity 8137K, committed 8152K, reserved 1048576K
Event: 113.030 GC heap after
Heap after GC invocations=17 (full 3):
 PSYoungGen      total 47104K, used 0K [0x00000000f5580000, 0x00000000f9180000, 0x0000000100000000)
  eden space 32768K, 0% used [0x00000000f5580000,0x00000000f5580000,0x00000000f7580000)
  from space 14336K, 0% used [0x00000000f8380000,0x00000000f8380000,0x00000000f9180000)
  to   space 14336K, 0% used [0x00000000f7580000,0x00000000f7580000,0x00000000f8380000)
 ParOldGen       total 70144K, used 29101K [0x00000000e0000000, 0x00000000e4480000, 0x00000000f5580000)
  object space 70144K, 41% used [0x00000000e0000000,0x00000000e1c6b648,0x00000000e4480000)
 Metaspace       used 54984K, capacity 58972K, committed 59028K, reserved 1099776K
  class space    used 6811K, capacity 8137K, committed 8152K, reserved 1048576K
}
Event: 114.358 GC heap before
{Heap before GC invocations=18 (full 3):
 PSYoungGen      total 47104K, used 32768K [0x00000000f5580000, 0x00000000f9180000, 0x0000000100000000)
  eden space 32768K, 100% used [0x00000000f5580000,0x00000000f7580000,0x00000000f7580000)
  from space 14336K, 0% used [0x00000000f8380000,0x00000000f8380000,0x00000000f9180000)
  to   space 14336K, 0% used [0x00000000f7580000,0x00000000f7580000,0x00000000f8380000)
 ParOldGen       total 70144K, used 29101K [0x00000000e0000000, 0x00000000e4480000, 0x00000000f5580000)
  object space 70144K, 41% used [0x00000000e0000000,0x00000000e1c6b648,0x00000000e4480000)
 Metaspace       used 59460K, capacity 63956K, committed 64088K, reserved 1103872K
  class space    used 7407K, capacity 8753K, committed 8792K, reserved 1048576K
Event: 114.367 GC heap after
Heap after GC invocations=18 (full 3):
 PSYoungGen      total 47104K, used 7577K [0x00000000f5580000, 0x00000000f9700000, 0x0000000100000000)
  eden space 32768K, 0% used [0x00000000f5580000,0x00000000f5580000,0x00000000f7580000)
  from space 14336K, 52% used [0x00000000f7580000,0x00000000f7ce67c8,0x00000000f8380000)
  to   space 13312K, 0% used [0x00000000f8a00000,0x00000000f8a00000,0x00000000f9700000)
 ParOldGen       total 70144K, used 29109K [0x00000000e0000000, 0x00000000e4480000, 0x00000000f5580000)
  object space 70144K, 41% used [0x00000000e0000000,0x00000000e1c6d648,0x00000000e4480000)
 Metaspace       used 59460K, capacity 63956K, committed 64088K, reserved 1103872K
  class space    used 7407K, capacity 8753K, committed 8792K, reserved 1048576K
}
Event: 114.535 GC heap before
{Heap before GC invocations=19 (full 3):
 PSYoungGen      total 47104K, used 40345K [0x00000000f5580000, 0x00000000f9700000, 0x0000000100000000)
  eden space 32768K, 100% used [0x00000000f5580000,0x00000000f7580000,0x00000000f7580000)
  from space 14336K, 52% used [0x00000000f7580000,0x00000000f7ce67c8,0x00000000f8380000)
  to   space 13312K, 0% used [0x00000000f8a00000,0x00000000f8a00000,0x00000000f9700000)
 ParOldGen       total 70144K, used 29109K [0x00000000e0000000, 0x00000000e4480000, 0x00000000f5580000)
  object space 70144K, 41% used [0x00000000e0000000,0x00000000e1c6d648,0x00000000e4480000)
 Metaspace       used 59683K, capacity 64094K, committed 64344K, reserved 1105920K
  class space    used 7434K, capacity 8758K, committed 8792K, reserved 1048576K
Event: 114.553 GC heap after
Heap after GC invocations=19 (full 3):
 PSYoungGen      total 53760K, used 8669K [0x00000000f5580000, 0x00000000f9f00000, 0x0000000100000000)
  eden space 40448K, 0% used [0x00000000f5580000,0x00000000f5580000,0x00000000f7d00000)
  from space 13312K, 65% used [0x00000000f8a00000,0x00000000f92774d8,0x00000000f9700000)
  to   space 13312K, 0% used [0x00000000f7d00000,0x00000000f7d00000,0x00000000f8a00000)
 ParOldGen       total 70144K, used 29117K [0x00000000e0000000, 0x00000000e4480000, 0x00000000f5580000)
  object space 70144K, 41% used [0x00000000e0000000,0x00000000e1c6f648,0x00000000e4480000)
 Metaspace       used 59683K, capacity 64094K, committed 64344K, reserved 1105920K
  class space    used 7434K, capacity 8758K, committed 8792K, reserved 1048576K
}
Event: 350.400 GC heap before
{Heap before GC invocations=20 (full 3):
 PSYoungGen      total 53760K, used 49117K [0x00000000f5580000, 0x00000000f9f00000, 0x0000000100000000)
  eden space 40448K, 100% used [0x00000000f5580000,0x00000000f7d00000,0x00000000f7d00000)
  from space 13312K, 65% used [0x00000000f8a00000,0x00000000f92774d8,0x00000000f9700000)
  to   space 13312K, 0% used [0x00000000f7d00000,0x00000000f7d00000,0x00000000f8a00000)
 ParOldGen       total 70144K, used 29117K [0x00000000e0000000, 0x00000000e4480000, 0x00000000f5580000)
  object space 70144K, 41% used [0x00000000e0000000,0x00000000e1c6f648,0x00000000e4480000)
 Metaspace       used 64268K, capacity 68868K, committed 69080K, reserved 1110016K
  class space    used 7962K, capacity 9392K, committed 9432K, reserved 1048576K
Event: 350.417 GC heap after
Heap after GC invocations=20 (full 3):
 PSYoungGen      total 53760K, used 13290K [0x00000000f5580000, 0x00000000fa700000, 0x0000000100000000)
  eden space 40448K, 0% used [0x00000000f5580000,0x00000000f5580000,0x00000000f7d00000)
  from space 13312K, 99% used [0x00000000f7d00000,0x00000000f89fa9e8,0x00000000f8a00000)
  to   space 15360K, 0% used [0x00000000f9800000,0x00000000f9800000,0x00000000fa700000)
 ParOldGen       total 70144K, used 30398K [0x00000000e0000000, 0x00000000e4480000, 0x00000000f5580000)
  object space 70144K, 43% used [0x00000000e0000000,0x00000000e1dafaa0,0x00000000e4480000)
 Metaspace       used 64268K, capacity 68868K, committed 69080K, reserved 1110016K
  class space    used 7962K, capacity 9392K, committed 9432K, reserved 1048576K
}
Event: 1112.067 GC heap before
{Heap before GC invocations=21 (full 3):
 PSYoungGen      total 53760K, used 53738K [0x00000000f5580000, 0x00000000fa700000, 0x0000000100000000)
  eden space 40448K, 100% used [0x00000000f5580000,0x00000000f7d00000,0x00000000f7d00000)
  from space 13312K, 99% used [0x00000000f7d00000,0x00000000f89fa9e8,0x00000000f8a00000)
  to   space 15360K, 0% used [0x00000000f9800000,0x00000000f9800000,0x00000000fa700000)
 ParOldGen       total 70144K, used 30398K [0x00000000e0000000, 0x00000000e4480000, 0x00000000f5580000)
  object space 70144K, 43% used [0x00000000e0000000,0x00000000e1dafaa0,0x00000000e4480000)
 Metaspace       used 64858K, capacity 69476K, committed 69592K, reserved 1110016K
  class space    used 7995K, capacity 9424K, committed 9432K, reserved 1048576K
Event: 1112.107 GC heap after
Heap after GC invocations=21 (full 3):
 PSYoungGen      total 66048K, used 4411K [0x00000000f5580000, 0x00000000fa600000, 0x0000000100000000)
  eden space 51712K, 0% used [0x00000000f5580000,0x00000000f5580000,0x00000000f8800000)
  from space 14336K, 30% used [0x00000000f9800000,0x00000000f9c4eca8,0x00000000fa600000)
  to   space 15360K, 0% used [0x00000000f8800000,0x00000000f8800000,0x00000000f9700000)
 ParOldGen       total 70144K, used 38766K [0x00000000e0000000, 0x00000000e4480000, 0x00000000f5580000)
  object space 70144K, 55% used [0x00000000e0000000,0x00000000e25dbba8,0x00000000e4480000)
 Metaspace       used 64858K, capacity 69476K, committed 69592K, reserved 1110016K
  class space    used 7995K, capacity 9424K, committed 9432K, reserved 1048576K
}

