# JRE version: Java(TM) SE Runtime Environment (8.0_25-b18) (build 1.8.0_25-b18)
# Java VM: Java HotSpot(TM) 64-Bit Server VM (25.25-b02 mixed mode windows-amd64 compressed oops)
Heap:
 def new generation   total 55296K, used 24045K [0x0000000700000000, 0x0000000703c00000, 0x0000000703c00000)
  eden space 49152K,  36% used [0x0000000700000000, 0x000000070117b5a8, 0x0000000703000000)
  from space 6144K,  99% used [0x0000000703600000, 0x0000000703bffff8, 0x0000000703c00000)
  to   space 6144K,   0% used [0x0000000703000000, 0x0000000703000000, 0x0000000703600000)
 tenured generation   total 110480K, used 65121K [0x0000000703c00000, 0x000000070a7e4000, 0x00000007c0000000)
   the space 110480K,  58% used [0x0000000703c00000, 0x0000000707b98580, 0x0000000707b98600, 0x000000070a7e4000)
 Metaspace       used 57885K, capacity 58207K, committed 58752K, reserved 1099776K
  class space    used 8470K, capacity 8534K, committed 8576K, reserved 1048576K
GC Heap History (10 events):
Event: 292.800 GC heap before
{Heap before GC invocations=49 (full 7):
 def new generation   total 55296K, used 53331K [0x0000000700000000, 0x0000000703c00000, 0x0000000703c00000)
  eden space 49152K, 100% used [0x0000000700000000, 0x0000000703000000, 0x0000000703000000)
  from space 6144K,  68% used [0x0000000703000000, 0x0000000703414ee0, 0x0000000703600000)
  to   space 6144K,   0% used [0x0000000703600000, 0x0000000703600000, 0x0000000703c00000)
 tenured generation   total 110480K, used 61205K [0x0000000703c00000, 0x000000070a7e4000, 0x00000007c0000000)
   the space 110480K,  55% used [0x0000000703c00000, 0x00000007077c57e8, 0x00000007077c5800, 0x000000070a7e4000)
 Metaspace       used 57535K, capacity 57819K, committed 58496K, reserved 1099776K
  class space    used 8417K, capacity 8470K, committed 8576K, reserved 1048576K
Event: 292.815 GC heap after
Heap after GC invocations=50 (full 7):
 def new generation   total 55296K, used 2728K [0x0000000700000000, 0x0000000703c00000, 0x0000000703c00000)
  eden space 49152K,   0% used [0x0000000700000000, 0x0000000700000000, 0x0000000703000000)
  from space 6144K,  44% used [0x0000000703600000, 0x00000007038aa350, 0x0000000703c00000)
  to   space 6144K,   0% used [0x0000000703000000, 0x0000000703000000, 0x0000000703600000)
 tenured generation   total 110480K, used 62132K [0x0000000703c00000, 0x000000070a7e4000, 0x00000007c0000000)
   the space 110480K,  56% used [0x0000000703c00000, 0x00000007078ad140, 0x00000007078ad200, 0x000000070a7e4000)
 Metaspace       used 57535K, capacity 57819K, committed 58496K, reserved 1099776K
  class space    used 8417K, capacity 8470K, committed 8576K, reserved 1048576K
}
Event: 296.241 GC heap before
{Heap before GC invocations=50 (full 7):
 def new generation   total 55296K, used 51880K [0x0000000700000000, 0x0000000703c00000, 0x0000000703c00000)
  eden space 49152K, 100% used [0x0000000700000000, 0x0000000703000000, 0x0000000703000000)
  from space 6144K,  44% used [0x0000000703600000, 0x00000007038aa350, 0x0000000703c00000)
  to   space 6144K,   0% used [0x0000000703000000, 0x0000000703000000, 0x0000000703600000)
 tenured generation   total 110480K, used 62132K [0x0000000703c00000, 0x000000070a7e4000, 0x00000007c0000000)
   the space 110480K,  56% used [0x0000000703c00000, 0x00000007078ad140, 0x00000007078ad200, 0x000000070a7e4000)
 Metaspace       used 57589K, capacity 57883K, committed 58496K, reserved 1099776K
  class space    used 8417K, capacity 8470K, committed 8576K, reserved 1048576K
Event: 296.257 GC heap after
Heap after GC invocations=51 (full 7):
 def new generation   total 55296K, used 3198K [0x0000000700000000, 0x0000000703c00000, 0x0000000703c00000)
  eden space 49152K,   0% used [0x0000000700000000, 0x0000000700000000, 0x0000000703000000)
  from space 6144K,  52% used [0x0000000703000000, 0x000000070331f9f8, 0x0000000703600000)
  to   space 6144K,   0% used [0x0000000703600000, 0x0000000703600000, 0x0000000703c00000)
 tenured generation   total 110480K, used 62132K [0x0000000703c00000, 0x000000070a7e4000, 0x00000007c0000000)
   the space 110480K,  56% used [0x0000000703c00000, 0x00000007078ad140, 0x00000007078ad200, 0x000000070a7e4000)
 Metaspace       used 57589K, capacity 57883K, committed 58496K, reserved 1099776K
  class space    used 8417K, capacity 8470K, committed 8576K, reserved 1048576K
}
Event: 507.331 GC heap before
{Heap before GC invocations=51 (full 7):
 def new generation   total 55296K, used 52350K [0x0000000700000000, 0x0000000703c00000, 0x0000000703c00000)
  eden space 49152K, 100% used [0x0000000700000000, 0x0000000703000000, 0x0000000703000000)
  from space 6144K,  52% used [0x0000000703000000, 0x000000070331f9f8, 0x0000000703600000)
  to   space 6144K,   0% used [0x0000000703600000, 0x0000000703600000, 0x0000000703c00000)
 tenured generation   total 110480K, used 62132K [0x0000000703c00000, 0x000000070a7e4000, 0x00000007c0000000)
   the space 110480K,  56% used [0x0000000703c00000, 0x00000007078ad140, 0x00000007078ad200, 0x000000070a7e4000)
 Metaspace       used 57851K, capacity 58143K, committed 58752K, reserved 1099776K
  class space    used 8468K, capacity 8534K, committed 8576K, reserved 1048576K
Event: 507.384 GC heap after
Heap after GC invocations=52 (full 7):
 def new generation   total 55296K, used 4804K [0x0000000700000000, 0x0000000703c00000, 0x0000000703c00000)
  eden space 49152K,   0% used [0x0000000700000000, 0x0000000700000000, 0x0000000703000000)
  from space 6144K,  78% used [0x0000000703600000, 0x0000000703ab10c8, 0x0000000703c00000)
  to   space 6144K,   0% used [0x0000000703000000, 0x0000000703000000, 0x0000000703600000)
 tenured generation   total 110480K, used 62242K [0x0000000703c00000, 0x000000070a7e4000, 0x00000007c0000000)
   the space 110480K,  56% used [0x0000000703c00000, 0x00000007078c88e8, 0x00000007078c8a00, 0x000000070a7e4000)
 Metaspace       used 57851K, capacity 58143K, committed 58752K, reserved 1099776K
  class space    used 8468K, capacity 8534K, committed 8576K, reserved 1048576K
}
Event: 560.009 GC heap before
{Heap before GC invocations=52 (full 7):
 def new generation   total 55296K, used 53956K [0x0000000700000000, 0x0000000703c00000, 0x0000000703c00000)
  eden space 49152K, 100% used [0x0000000700000000, 0x0000000703000000, 0x0000000703000000)
  from space 6144K,  78% used [0x0000000703600000, 0x0000000703ab10c8, 0x0000000703c00000)
  to   space 6144K,   0% used [0x0000000703000000, 0x0000000703000000, 0x0000000703600000)
 tenured generation   total 110480K, used 62242K [0x0000000703c00000, 0x000000070a7e4000, 0x00000007c0000000)
   the space 110480K,  56% used [0x0000000703c00000, 0x00000007078c88e8, 0x00000007078c8a00, 0x000000070a7e4000)
 Metaspace       used 57870K, capacity 58207K, committed 58752K, reserved 1099776K
  class space    used 8470K, capacity 8534K, committed 8576K, reserved 1048576K
Event: 560.027 GC heap after
Heap after GC invocations=53 (full 7):
 def new generation   total 55296K, used 3758K [0x0000000700000000, 0x0000000703c00000, 0x0000000703c00000)
  eden space 49152K,   0% used [0x0000000700000000, 0x0000000700000000, 0x0000000703000000)
  from space 6144K,  61% used [0x0000000703000000, 0x00000007033aba38, 0x0000000703600000)
  to   space 6144K,   0% used [0x0000000703600000, 0x0000000703600000, 0x0000000703c00000)
 tenured generation   total 110480K, used 64193K [0x0000000703c00000, 0x000000070a7e4000, 0x00000007c0000000)
   the space 110480K,  58% used [0x0000000703c00000, 0x0000000707ab0400, 0x0000000707ab0400, 0x000000070a7e4000)
 Metaspace       used 57870K, capacity 58207K, committed 58752K, reserved 1099776K
  class space    used 8470K, capacity 8534K, committed 8576K, reserved 1048576K
}
Event: 560.316 GC heap before
{Heap before GC invocations=53 (full 7):
 def new generation   total 55296K, used 52910K [0x0000000700000000, 0x0000000703c00000, 0x0000000703c00000)
  eden space 49152K, 100% used [0x0000000700000000, 0x0000000703000000, 0x0000000703000000)
  from space 6144K,  61% used [0x0000000703000000, 0x00000007033aba38, 0x0000000703600000)
  to   space 6144K,   0% used [0x0000000703600000, 0x0000000703600000, 0x0000000703c00000)
 tenured generation   total 110480K, used 64193K [0x0000000703c00000, 0x000000070a7e4000, 0x00000007c0000000)
   the space 110480K,  58% used [0x0000000703c00000, 0x0000000707ab0400, 0x0000000707ab0400, 0x000000070a7e4000)
 Metaspace       used 57877K, capacity 58207K, committed 58752K, reserved 1099776K
  class space    used 8470K, capacity 8534K, committed 8576K, reserved 1048576K
Event: 560.339 GC heap after
Heap after GC invocations=54 (full 7):
 def new generation   total 55296K, used 6143K [0x0000000700000000, 0x0000000703c00000, 0x0000000703c00000)
  eden space 49152K,   0% used [0x0000000700000000, 0x0000000700000000, 0x0000000703000000)
  from space 6144K,  99% used [0x0000000703600000, 0x0000000703bffff8, 0x0000000703c00000)
  to   space 6144K,   0% used [0x0000000703000000, 0x0000000703000000, 0x0000000703600000)
 tenured generation   total 110480K, used 65121K [0x0000000703c00000, 0x000000070a7e4000, 0x00000007c0000000)
   the space 110480K,  58% used [0x0000000703c00000, 0x0000000707b98580, 0x0000000707b98600, 0x000000070a7e4000)
 Metaspace       used 57877K, capacity 58207K, committed 58752K, reserved 1099776K
  class space    used 8470K, capacity 8534K, committed 8576K, reserved 1048576K
}

