# JRE version: Java(TM) SE Runtime Environment (8.0_25-b18) (build 1.8.0_25-b18)
# Java VM: Java HotSpot(TM) 64-Bit Server VM (25.25-b02 mixed mode windows-amd64 compressed oops)
Heap:
 PSYoungGen      total 49152K, used 19130K [0x00000000f5580000, 0x00000000f9080000, 0x0000000100000000)
  eden space 43520K, 39% used [0x00000000f5580000,0x00000000f66163a8,0x00000000f8000000)
  from space 5632K, 38% used [0x00000000f8000000,0x00000000f82186c8,0x00000000f8580000)
  to   space 5632K, 0% used [0x00000000f8b00000,0x00000000f8b00000,0x00000000f9080000)
 ParOldGen       total 86528K, used 53084K [0x00000000e0000000, 0x00000000e5480000, 0x00000000f5580000)
  object space 86528K, 61% used [0x00000000e0000000,0x00000000e33d70e0,0x00000000e5480000)
 Metaspace       used 93644K, capacity 99298K, committed 99476K, reserved 1136640K
  class space    used 10742K, capacity 12607K, committed 12692K, reserved 1048576K
GC Heap History (10 events):
Event: 48679.821 GC heap before
{Heap before GC invocations=459 (full 172):
 PSYoungGen      total 38912K, used 37592K [0x00000000f5580000, 0x00000000f8180000, 0x0000000100000000)
  eden space 33792K, 100% used [0x00000000f5580000,0x00000000f7680000,0x00000000f7680000)
  from space 5120K, 74% used [0x00000000f7c80000,0x00000000f80363e0,0x00000000f8180000)
  to   space 5632K, 0% used [0x00000000f7680000,0x00000000f7680000,0x00000000f7c00000)
 ParOldGen       total 86528K, used 50428K [0x00000000e0000000, 0x00000000e5480000, 0x00000000f5580000)
  object space 86528K, 58% used [0x00000000e0000000,0x00000000e313f258,0x00000000e5480000)
 Metaspace       used 93041K, capacity 98742K, committed 98836K, reserved 1136640K
  class space    used 10679K, capacity 12509K, committed 12564K, reserved 1048576K
Event: 48679.828 GC heap after
Heap after GC invocations=459 (full 172):
 PSYoungGen      total 39424K, used 2261K [0x00000000f5580000, 0x00000000f8580000, 0x0000000100000000)
  eden space 33792K, 0% used [0x00000000f5580000,0x00000000f5580000,0x00000000f7680000)
  from space 5632K, 40% used [0x00000000f7680000,0x00000000f78b5688,0x00000000f7c00000)
  to   space 5632K, 0% used [0x00000000f8000000,0x00000000f8000000,0x00000000f8580000)
 ParOldGen       total 86528K, used 52215K [0x00000000e0000000, 0x00000000e5480000, 0x00000000f5580000)
  object space 86528K, 60% used [0x00000000e0000000,0x00000000e32fdd00,0x00000000e5480000)
 Metaspace       used 93041K, capacity 98742K, committed 98836K, reserved 1136640K
  class space    used 10679K, capacity 12509K, committed 12564K, reserved 1048576K
}
Event: 48679.871 GC heap before
{Heap before GC invocations=460 (full 172):
 PSYoungGen      total 39424K, used 36053K [0x00000000f5580000, 0x00000000f8580000, 0x0000000100000000)
  eden space 33792K, 100% used [0x00000000f5580000,0x00000000f7680000,0x00000000f7680000)
  from space 5632K, 40% used [0x00000000f7680000,0x00000000f78b5688,0x00000000f7c00000)
  to   space 5632K, 0% used [0x00000000f8000000,0x00000000f8000000,0x00000000f8580000)
 ParOldGen       total 86528K, used 52215K [0x00000000e0000000, 0x00000000e5480000, 0x00000000f5580000)
  object space 86528K, 60% used [0x00000000e0000000,0x00000000e32fdd00,0x00000000e5480000)
 Metaspace       used 93041K, capacity 98742K, committed 98836K, reserved 1136640K
  class space    used 10679K, capacity 12509K, committed 12564K, reserved 1048576K
Event: 48679.876 GC heap after
Heap after GC invocations=460 (full 172):
 PSYoungGen      total 43520K, used 1979K [0x00000000f5580000, 0x00000000f8780000, 0x0000000100000000)
  eden space 37888K, 0% used [0x00000000f5580000,0x00000000f5580000,0x00000000f7a80000)
  from space 5632K, 35% used [0x00000000f8000000,0x00000000f81eeea0,0x00000000f8580000)
  to   space 5632K, 0% used [0x00000000f7a80000,0x00000000f7a80000,0x00000000f8000000)
 ParOldGen       total 86528K, used 52545K [0x00000000e0000000, 0x00000000e5480000, 0x00000000f5580000)
  object space 86528K, 60% used [0x00000000e0000000,0x00000000e33506d0,0x00000000e5480000)
 Metaspace       used 93041K, capacity 98742K, committed 98836K, reserved 1136640K
  class space    used 10679K, capacity 12509K, committed 12564K, reserved 1048576K
}
Event: 48773.233 GC heap before
{Heap before GC invocations=461 (full 172):
 PSYoungGen      total 43520K, used 39867K [0x00000000f5580000, 0x00000000f8780000, 0x0000000100000000)
  eden space 37888K, 100% used [0x00000000f5580000,0x00000000f7a80000,0x00000000f7a80000)
  from space 5632K, 35% used [0x00000000f8000000,0x00000000f81eeea0,0x00000000f8580000)
  to   space 5632K, 0% used [0x00000000f7a80000,0x00000000f7a80000,0x00000000f8000000)
 ParOldGen       total 86528K, used 52545K [0x00000000e0000000, 0x00000000e5480000, 0x00000000f5580000)
  object space 86528K, 60% used [0x00000000e0000000,0x00000000e33506d0,0x00000000e5480000)
 Metaspace       used 93057K, capacity 98806K, committed 99092K, reserved 1136640K
  class space    used 10680K, capacity 12509K, committed 12564K, reserved 1048576K
Event: 48773.242 GC heap after
Heap after GC invocations=461 (full 172):
 PSYoungGen      total 43520K, used 1745K [0x00000000f5580000, 0x00000000f8b80000, 0x0000000100000000)
  eden space 37888K, 0% used [0x00000000f5580000,0x00000000f5580000,0x00000000f7a80000)
  from space 5632K, 30% used [0x00000000f7a80000,0x00000000f7c346d8,0x00000000f8000000)
  to   space 5632K, 0% used [0x00000000f8600000,0x00000000f8600000,0x00000000f8b80000)
 ParOldGen       total 86528K, used 52732K [0x00000000e0000000, 0x00000000e5480000, 0x00000000f5580000)
  object space 86528K, 60% used [0x00000000e0000000,0x00000000e337f0e0,0x00000000e5480000)
 Metaspace       used 93057K, capacity 98806K, committed 99092K, reserved 1136640K
  class space    used 10680K, capacity 12509K, committed 12564K, reserved 1048576K
}
Event: 48776.805 GC heap before
{Heap before GC invocations=462 (full 172):
 PSYoungGen      total 43520K, used 39606K [0x00000000f5580000, 0x00000000f8b80000, 0x0000000100000000)
  eden space 37888K, 99% used [0x00000000f5580000,0x00000000f7a79410,0x00000000f7a80000)
  from space 5632K, 30% used [0x00000000f7a80000,0x00000000f7c346d8,0x00000000f8000000)
  to   space 5632K, 0% used [0x00000000f8600000,0x00000000f8600000,0x00000000f8b80000)
 ParOldGen       total 86528K, used 52732K [0x00000000e0000000, 0x00000000e5480000, 0x00000000f5580000)
  object space 86528K, 60% used [0x00000000e0000000,0x00000000e337f0e0,0x00000000e5480000)
 Metaspace       used 93074K, capacity 98806K, committed 99092K, reserved 1136640K
  class space    used 10680K, capacity 12509K, committed 12564K, reserved 1048576K
Event: 48776.810 GC heap after
Heap after GC invocations=462 (full 172):
 PSYoungGen      total 48640K, used 1664K [0x00000000f5580000, 0x00000000f8b00000, 0x0000000100000000)
  eden space 43520K, 0% used [0x00000000f5580000,0x00000000f5580000,0x00000000f8000000)
  from space 5120K, 32% used [0x00000000f8600000,0x00000000f87a0160,0x00000000f8b00000)
  to   space 5632K, 0% used [0x00000000f8000000,0x00000000f8000000,0x00000000f8580000)
 ParOldGen       total 86528K, used 52772K [0x00000000e0000000, 0x00000000e5480000, 0x00000000f5580000)
  object space 86528K, 60% used [0x00000000e0000000,0x00000000e33890e0,0x00000000e5480000)
 Metaspace       used 93074K, capacity 98806K, committed 99092K, reserved 1136640K
  class space    used 10680K, capacity 12509K, committed 12564K, reserved 1048576K
}
Event: 49003.621 GC heap before
{Heap before GC invocations=463 (full 172):
 PSYoungGen      total 48640K, used 45184K [0x00000000f5580000, 0x00000000f8b00000, 0x0000000100000000)
  eden space 43520K, 100% used [0x00000000f5580000,0x00000000f8000000,0x00000000f8000000)
  from space 5120K, 32% used [0x00000000f8600000,0x00000000f87a0160,0x00000000f8b00000)
  to   space 5632K, 0% used [0x00000000f8000000,0x00000000f8000000,0x00000000f8580000)
 ParOldGen       total 86528K, used 52772K [0x00000000e0000000, 0x00000000e5480000, 0x00000000f5580000)
  object space 86528K, 60% used [0x00000000e0000000,0x00000000e33890e0,0x00000000e5480000)
 Metaspace       used 93231K, capacity 98914K, committed 99092K, reserved 1136640K
  class space    used 10700K, capacity 12543K, committed 12564K, reserved 1048576K
Event: 49003.627 GC heap after
Heap after GC invocations=463 (full 172):
 PSYoungGen      total 49152K, used 2145K [0x00000000f5580000, 0x00000000f9080000, 0x0000000100000000)
  eden space 43520K, 0% used [0x00000000f5580000,0x00000000f5580000,0x00000000f8000000)
  from space 5632K, 38% used [0x00000000f8000000,0x00000000f82186c8,0x00000000f8580000)
  to   space 5632K, 0% used [0x00000000f8b00000,0x00000000f8b00000,0x00000000f9080000)
 ParOldGen       total 86528K, used 53084K [0x00000000e0000000, 0x00000000e5480000, 0x00000000f5580000)
  object space 86528K, 61% used [0x00000000e0000000,0x00000000e33d70e0,0x00000000e5480000)
 Metaspace       used 93231K, capacity 98914K, committed 99092K, reserved 1136640K
  class space    used 10700K, capacity 12543K, committed 12564K, reserved 1048576K
}

