# JRE version: Java(TM) SE Runtime Environment (8.0_25-b18) (build 1.8.0_25-b18)
# Java VM: Java HotSpot(TM) 64-Bit Server VM (25.25-b02 mixed mode windows-amd64 compressed oops)
Heap:
 PSYoungGen      total 36864K, used 20582K [0x00000000f5580000, 0x00000000f8800000, 0x0000000100000000)
  eden space 22016K, 93% used [0x00000000f5580000,0x00000000f6999888,0x00000000f6b00000)
  from space 14848K, 0% used [0x00000000f6b00000,0x00000000f6b00000,0x00000000f7980000)
  to   space 14848K, 0% used [0x00000000f7980000,0x00000000f7980000,0x00000000f8800000)
 ParOldGen       total 58880K, used 36815K [0x00000000e0000000, 0x00000000e3980000, 0x00000000f5580000)
  object space 58880K, 62% used [0x00000000e0000000,0x00000000e23f3e00,0x00000000e3980000)
 Metaspace       used 70162K, capacity 75860K, committed 76032K, reserved 1114112K
  class space    used 8662K, capacity 10411K, committed 10496K, reserved 1048576K
GC Heap History (10 events):
Event: 405.121 GC heap before
{Heap before GC invocations=27 (full 5):
 PSYoungGen      total 38912K, used 24151K [0x00000000f5580000, 0x00000000f8b80000, 0x0000000100000000)
  eden space 23552K, 100% used [0x00000000f5580000,0x00000000f6c80000,0x00000000f6c80000)
  from space 15360K, 3% used [0x00000000f6d00000,0x00000000f6d95d70,0x00000000f7c00000)
  to   space 15872K, 0% used [0x00000000f7c00000,0x00000000f7c00000,0x00000000f8b80000)
 ParOldGen       total 58880K, used 36142K [0x00000000e0000000, 0x00000000e3980000, 0x00000000f5580000)
  object space 58880K, 61% used [0x00000000e0000000,0x00000000e234b868,0x00000000e3980000)
 Metaspace       used 66957K, capacity 71954K, committed 72064K, reserved 1112064K
  class space    used 8265K, capacity 9822K, committed 9856K, reserved 1048576K
Event: 405.124 GC heap after
Heap after GC invocations=27 (full 5):
 PSYoungGen      total 38400K, used 1664K [0x00000000f5580000, 0x00000000f8b00000, 0x0000000100000000)
  eden space 23040K, 0% used [0x00000000f5580000,0x00000000f5580000,0x00000000f6c00000)
  from space 15360K, 10% used [0x00000000f7c00000,0x00000000f7da0000,0x00000000f8b00000)
  to   space 15872K, 0% used [0x00000000f6c00000,0x00000000f6c00000,0x00000000f7b80000)
 ParOldGen       total 58880K, used 36150K [0x00000000e0000000, 0x00000000e3980000, 0x00000000f5580000)
  object space 58880K, 61% used [0x00000000e0000000,0x00000000e234d868,0x00000000e3980000)
 Metaspace       used 66957K, capacity 71954K, committed 72064K, reserved 1112064K
  class space    used 8265K, capacity 9822K, committed 9856K, reserved 1048576K
}
Event: 422.354 GC heap before
{Heap before GC invocations=28 (full 5):
 PSYoungGen      total 38400K, used 24704K [0x00000000f5580000, 0x00000000f8b00000, 0x0000000100000000)
  eden space 23040K, 100% used [0x00000000f5580000,0x00000000f6c00000,0x00000000f6c00000)
  from space 15360K, 10% used [0x00000000f7c00000,0x00000000f7da0000,0x00000000f8b00000)
  to   space 15872K, 0% used [0x00000000f6c00000,0x00000000f6c00000,0x00000000f7b80000)
 ParOldGen       total 58880K, used 36150K [0x00000000e0000000, 0x00000000e3980000, 0x00000000f5580000)
  object space 58880K, 61% used [0x00000000e0000000,0x00000000e234d868,0x00000000e3980000)
 Metaspace       used 68413K, capacity 73588K, committed 73856K, reserved 1114112K
  class space    used 8457K, capacity 10096K, committed 10112K, reserved 1048576K
Event: 422.360 GC heap after
Heap after GC invocations=28 (full 5):
 PSYoungGen      total 26624K, used 3657K [0x00000000f5580000, 0x00000000f8980000, 0x0000000100000000)
  eden space 22528K, 0% used [0x00000000f5580000,0x00000000f5580000,0x00000000f6b80000)
  from space 4096K, 89% used [0x00000000f6c00000,0x00000000f6f92740,0x00000000f7000000)
  to   space 15360K, 0% used [0x00000000f7a80000,0x00000000f7a80000,0x00000000f8980000)
 ParOldGen       total 58880K, used 36158K [0x00000000e0000000, 0x00000000e3980000, 0x00000000f5580000)
  object space 58880K, 61% used [0x00000000e0000000,0x00000000e234f868,0x00000000e3980000)
 Metaspace       used 68413K, capacity 73588K, committed 73856K, reserved 1114112K
  class space    used 8457K, capacity 10096K, committed 10112K, reserved 1048576K
}
Event: 441.367 GC heap before
{Heap before GC invocations=29 (full 5):
 PSYoungGen      total 26624K, used 26185K [0x00000000f5580000, 0x00000000f8980000, 0x0000000100000000)
  eden space 22528K, 100% used [0x00000000f5580000,0x00000000f6b80000,0x00000000f6b80000)
  from space 4096K, 89% used [0x00000000f6c00000,0x00000000f6f92740,0x00000000f7000000)
  to   space 15360K, 0% used [0x00000000f7a80000,0x00000000f7a80000,0x00000000f8980000)
 ParOldGen       total 58880K, used 36158K [0x00000000e0000000, 0x00000000e3980000, 0x00000000f5580000)
  object space 58880K, 61% used [0x00000000e0000000,0x00000000e234f868,0x00000000e3980000)
 Metaspace       used 69371K, capacity 74762K, committed 74880K, reserved 1114112K
  class space    used 8584K, capacity 10282K, committed 10368K, reserved 1048576K
Event: 441.373 GC heap after
Heap after GC invocations=29 (full 5):
 PSYoungGen      total 35840K, used 3671K [0x00000000f5580000, 0x00000000f8800000, 0x0000000100000000)
  eden space 22016K, 0% used [0x00000000f5580000,0x00000000f5580000,0x00000000f6b00000)
  from space 13824K, 26% used [0x00000000f7a80000,0x00000000f7e15e20,0x00000000f8800000)
  to   space 14848K, 0% used [0x00000000f6b00000,0x00000000f6b00000,0x00000000f7980000)
 ParOldGen       total 58880K, used 36166K [0x00000000e0000000, 0x00000000e3980000, 0x00000000f5580000)
  object space 58880K, 61% used [0x00000000e0000000,0x00000000e2351868,0x00000000e3980000)
 Metaspace       used 69371K, capacity 74762K, committed 74880K, reserved 1114112K
  class space    used 8584K, capacity 10282K, committed 10368K, reserved 1048576K
}
Event: 449.688 GC heap before
{Heap before GC invocations=30 (full 5):
 PSYoungGen      total 35840K, used 8679K [0x00000000f5580000, 0x00000000f8800000, 0x0000000100000000)
  eden space 22016K, 22% used [0x00000000f5580000,0x00000000f5a63ea0,0x00000000f6b00000)
  from space 13824K, 26% used [0x00000000f7a80000,0x00000000f7e15e20,0x00000000f8800000)
  to   space 14848K, 0% used [0x00000000f6b00000,0x00000000f6b00000,0x00000000f7980000)
 ParOldGen       total 58880K, used 36166K [0x00000000e0000000, 0x00000000e3980000, 0x00000000f5580000)
  object space 58880K, 61% used [0x00000000e0000000,0x00000000e2351868,0x00000000e3980000)
 Metaspace       used 69433K, capacity 74826K, committed 75136K, reserved 1114112K
  class space    used 8585K, capacity 10282K, committed 10368K, reserved 1048576K
Event: 449.696 GC heap after
Heap after GC invocations=30 (full 5):
 PSYoungGen      total 36864K, used 3091K [0x00000000f5580000, 0x00000000f8800000, 0x0000000100000000)
  eden space 22016K, 0% used [0x00000000f5580000,0x00000000f5580000,0x00000000f6b00000)
  from space 14848K, 20% used [0x00000000f6b00000,0x00000000f6e04e50,0x00000000f7980000)
  to   space 14848K, 0% used [0x00000000f7980000,0x00000000f7980000,0x00000000f8800000)
 ParOldGen       total 58880K, used 36166K [0x00000000e0000000, 0x00000000e3980000, 0x00000000f5580000)
  object space 58880K, 61% used [0x00000000e0000000,0x00000000e2351868,0x00000000e3980000)
 Metaspace       used 69433K, capacity 74826K, committed 75136K, reserved 1114112K
  class space    used 8585K, capacity 10282K, committed 10368K, reserved 1048576K
}
Event: 449.696 GC heap before
{Heap before GC invocations=31 (full 6):
 PSYoungGen      total 36864K, used 3091K [0x00000000f5580000, 0x00000000f8800000, 0x0000000100000000)
  eden space 22016K, 0% used [0x00000000f5580000,0x00000000f5580000,0x00000000f6b00000)
  from space 14848K, 20% used [0x00000000f6b00000,0x00000000f6e04e50,0x00000000f7980000)
  to   space 14848K, 0% used [0x00000000f7980000,0x00000000f7980000,0x00000000f8800000)
 ParOldGen       total 58880K, used 36166K [0x00000000e0000000, 0x00000000e3980000, 0x00000000f5580000)
  object space 58880K, 61% used [0x00000000e0000000,0x00000000e2351868,0x00000000e3980000)
 Metaspace       used 69433K, capacity 74826K, committed 75136K, reserved 1114112K
  class space    used 8585K, capacity 10282K, committed 10368K, reserved 1048576K
Event: 450.094 GC heap after
Heap after GC invocations=31 (full 6):
 PSYoungGen      total 36864K, used 0K [0x00000000f5580000, 0x00000000f8800000, 0x0000000100000000)
  eden space 22016K, 0% used [0x00000000f5580000,0x00000000f5580000,0x00000000f6b00000)
  from space 14848K, 0% used [0x00000000f6b00000,0x00000000f6b00000,0x00000000f7980000)
  to   space 14848K, 0% used [0x00000000f7980000,0x00000000f7980000,0x00000000f8800000)
 ParOldGen       total 58880K, used 36815K [0x00000000e0000000, 0x00000000e3980000, 0x00000000f5580000)
  object space 58880K, 62% used [0x00000000e0000000,0x00000000e23f3e00,0x00000000e3980000)
 Metaspace       used 69433K, capacity 74826K, committed 75136K, reserved 1114112K
  class space    used 8585K, capacity 10282K, committed 10368K, reserved 1048576K
}

