# JRE version: Java(TM) SE Runtime Environment (8.0_25-b18) (build 1.8.0_25-b18)
# Java VM: Java HotSpot(TM) 64-Bit Server VM (25.25-b02 mixed mode windows-amd64 compressed oops)
Heap:
 PSYoungGen      total 98304K, used 31396K [0x00000000f5580000, 0x00000000fc580000, 0x0000000100000000)
  eden space 84480K, 25% used [0x00000000f5580000,0x00000000f6abba88,0x00000000fa800000)
  from space 13824K, 69% used [0x00000000fa800000,0x00000000fb16d7c8,0x00000000fb580000)
  to   space 13824K, 0% used [0x00000000fb800000,0x00000000fb800000,0x00000000fc580000)
 ParOldGen       total 143360K, used 57676K [0x00000000e0000000, 0x00000000e8c00000, 0x00000000f5580000)
  object space 143360K, 40% used [0x00000000e0000000,0x00000000e3853230,0x00000000e8c00000)
 Metaspace       used 97845K, capacity 104160K, committed 104408K, reserved 1140736K
  class space    used 11293K, capacity 13305K, committed 13312K, reserved 1048576K
GC Heap History (10 events):
Event: 28228.509 GC heap before
{Heap before GC invocations=222 (full 5):
 PSYoungGen      total 90112K, used 88664K [0x00000000f5580000, 0x00000000fba80000, 0x0000000100000000)
  eden space 79360K, 100% used [0x00000000f5580000,0x00000000fa300000,0x00000000fa300000)
  from space 10752K, 86% used [0x00000000fae00000,0x00000000fb7163f0,0x00000000fb880000)
  to   space 11264K, 0% used [0x00000000fa300000,0x00000000fa300000,0x00000000fae00000)
 ParOldGen       total 143360K, used 56975K [0x00000000e0000000, 0x00000000e8c00000, 0x00000000f5580000)
  object space 143360K, 39% used [0x00000000e0000000,0x00000000e37a3cf8,0x00000000e8c00000)
 Metaspace       used 97012K, capacity 103344K, committed 103640K, reserved 1140736K
  class space    used 11219K, capacity 13228K, committed 13312K, reserved 1048576K
Event: 28228.540 GC heap after
Heap after GC invocations=222 (full 5):
 PSYoungGen      total 90624K, used 10121K [0x00000000f5580000, 0x00000000fc000000, 0x0000000100000000)
  eden space 79360K, 0% used [0x00000000f5580000,0x00000000f5580000,0x00000000fa300000)
  from space 11264K, 89% used [0x00000000fa300000,0x00000000face2788,0x00000000fae00000)
  to   space 12288K, 0% used [0x00000000fb400000,0x00000000fb400000,0x00000000fc000000)
 ParOldGen       total 143360K, used 57191K [0x00000000e0000000, 0x00000000e8c00000, 0x00000000f5580000)
  object space 143360K, 39% used [0x00000000e0000000,0x00000000e37d9d10,0x00000000e8c00000)
 Metaspace       used 97012K, capacity 103344K, committed 103640K, reserved 1140736K
  class space    used 11219K, capacity 13228K, committed 13312K, reserved 1048576K
}
Event: 28244.892 GC heap before
{Heap before GC invocations=223 (full 5):
 PSYoungGen      total 90624K, used 89481K [0x00000000f5580000, 0x00000000fc000000, 0x0000000100000000)
  eden space 79360K, 100% used [0x00000000f5580000,0x00000000fa300000,0x00000000fa300000)
  from space 11264K, 89% used [0x00000000fa300000,0x00000000face2788,0x00000000fae00000)
  to   space 12288K, 0% used [0x00000000fb400000,0x00000000fb400000,0x00000000fc000000)
 ParOldGen       total 143360K, used 57191K [0x00000000e0000000, 0x00000000e8c00000, 0x00000000f5580000)
  object space 143360K, 39% used [0x00000000e0000000,0x00000000e37d9d10,0x00000000e8c00000)
 Metaspace       used 97101K, capacity 103498K, committed 103640K, reserved 1140736K
  class space    used 11227K, capacity 13234K, committed 13312K, reserved 1048576K
Event: 28244.984 GC heap after
Heap after GC invocations=223 (full 5):
 PSYoungGen      total 96256K, used 10053K [0x00000000f5580000, 0x00000000fc100000, 0x0000000100000000)
  eden space 83968K, 0% used [0x00000000f5580000,0x00000000f5580000,0x00000000fa780000)
  from space 12288K, 81% used [0x00000000fb400000,0x00000000fbdd15d0,0x00000000fc000000)
  to   space 12800K, 0% used [0x00000000fa780000,0x00000000fa780000,0x00000000fb400000)
 ParOldGen       total 143360K, used 57492K [0x00000000e0000000, 0x00000000e8c00000, 0x00000000f5580000)
  object space 143360K, 40% used [0x00000000e0000000,0x00000000e3825060,0x00000000e8c00000)
 Metaspace       used 97101K, capacity 103498K, committed 103640K, reserved 1140736K
  class space    used 11227K, capacity 13234K, committed 13312K, reserved 1048576K
}
Event: 28272.075 GC heap before
{Heap before GC invocations=224 (full 5):
 PSYoungGen      total 96256K, used 94021K [0x00000000f5580000, 0x00000000fc100000, 0x0000000100000000)
  eden space 83968K, 100% used [0x00000000f5580000,0x00000000fa780000,0x00000000fa780000)
  from space 12288K, 81% used [0x00000000fb400000,0x00000000fbdd15d0,0x00000000fc000000)
  to   space 12800K, 0% used [0x00000000fa780000,0x00000000fa780000,0x00000000fb400000)
 ParOldGen       total 143360K, used 57492K [0x00000000e0000000, 0x00000000e8c00000, 0x00000000f5580000)
  object space 143360K, 40% used [0x00000000e0000000,0x00000000e3825060,0x00000000e8c00000)
 Metaspace       used 97142K, capacity 103498K, committed 103640K, reserved 1140736K
  class space    used 11227K, capacity 13234K, committed 13312K, reserved 1048576K
Event: 28272.089 GC heap after
Heap after GC invocations=224 (full 5):
 PSYoungGen      total 96768K, used 10218K [0x00000000f5580000, 0x00000000fc600000, 0x0000000100000000)
  eden space 83968K, 0% used [0x00000000f5580000,0x00000000f5580000,0x00000000fa780000)
  from space 12800K, 79% used [0x00000000fa780000,0x00000000fb17a878,0x00000000fb400000)
  to   space 13312K, 0% used [0x00000000fb900000,0x00000000fb900000,0x00000000fc600000)
 ParOldGen       total 143360K, used 57564K [0x00000000e0000000, 0x00000000e8c00000, 0x00000000f5580000)
  object space 143360K, 40% used [0x00000000e0000000,0x00000000e3837060,0x00000000e8c00000)
 Metaspace       used 97142K, capacity 103498K, committed 103640K, reserved 1140736K
  class space    used 11227K, capacity 13234K, committed 13312K, reserved 1048576K
}
Event: 28296.964 GC heap before
{Heap before GC invocations=225 (full 5):
 PSYoungGen      total 96768K, used 94186K [0x00000000f5580000, 0x00000000fc600000, 0x0000000100000000)
  eden space 83968K, 100% used [0x00000000f5580000,0x00000000fa780000,0x00000000fa780000)
  from space 12800K, 79% used [0x00000000fa780000,0x00000000fb17a878,0x00000000fb400000)
  to   space 13312K, 0% used [0x00000000fb900000,0x00000000fb900000,0x00000000fc600000)
 ParOldGen       total 143360K, used 57564K [0x00000000e0000000, 0x00000000e8c00000, 0x00000000f5580000)
  object space 143360K, 40% used [0x00000000e0000000,0x00000000e3837060,0x00000000e8c00000)
 Metaspace       used 97233K, capacity 103626K, committed 103896K, reserved 1140736K
  class space    used 11236K, capacity 13234K, committed 13312K, reserved 1048576K
Event: 28296.975 GC heap after
Heap after GC invocations=225 (full 5):
 PSYoungGen      total 92160K, used 9801K [0x00000000f5580000, 0x00000000fc300000, 0x0000000100000000)
  eden space 81920K, 0% used [0x00000000f5580000,0x00000000f5580000,0x00000000fa580000)
  from space 10240K, 95% used [0x00000000fb900000,0x00000000fc2924a0,0x00000000fc300000)
  to   space 13824K, 0% used [0x00000000fa800000,0x00000000fa800000,0x00000000fb580000)
 ParOldGen       total 143360K, used 57620K [0x00000000e0000000, 0x00000000e8c00000, 0x00000000f5580000)
  object space 143360K, 40% used [0x00000000e0000000,0x00000000e3845230,0x00000000e8c00000)
 Metaspace       used 97233K, capacity 103626K, committed 103896K, reserved 1140736K
  class space    used 11236K, capacity 13234K, committed 13312K, reserved 1048576K
}
Event: 28306.063 GC heap before
{Heap before GC invocations=226 (full 5):
 PSYoungGen      total 92160K, used 91721K [0x00000000f5580000, 0x00000000fc300000, 0x0000000100000000)
  eden space 81920K, 100% used [0x00000000f5580000,0x00000000fa580000,0x00000000fa580000)
  from space 10240K, 95% used [0x00000000fb900000,0x00000000fc2924a0,0x00000000fc300000)
  to   space 13824K, 0% used [0x00000000fa800000,0x00000000fa800000,0x00000000fb580000)
 ParOldGen       total 143360K, used 57620K [0x00000000e0000000, 0x00000000e8c00000, 0x00000000f5580000)
  object space 143360K, 40% used [0x00000000e0000000,0x00000000e3845230,0x00000000e8c00000)
 Metaspace       used 97350K, capacity 103736K, committed 103896K, reserved 1140736K
  class space    used 11244K, capacity 13270K, committed 13312K, reserved 1048576K
Event: 28306.141 GC heap after
Heap after GC invocations=226 (full 5):
 PSYoungGen      total 98304K, used 9653K [0x00000000f5580000, 0x00000000fc580000, 0x0000000100000000)
  eden space 84480K, 0% used [0x00000000f5580000,0x00000000f5580000,0x00000000fa800000)
  from space 13824K, 69% used [0x00000000fa800000,0x00000000fb16d7c8,0x00000000fb580000)
  to   space 13824K, 0% used [0x00000000fb800000,0x00000000fb800000,0x00000000fc580000)
 ParOldGen       total 143360K, used 57676K [0x00000000e0000000, 0x00000000e8c00000, 0x00000000f5580000)
  object space 143360K, 40% used [0x00000000e0000000,0x00000000e3853230,0x00000000e8c00000)
 Metaspace       used 97350K, capacity 103736K, committed 103896K, reserved 1140736K
  class space    used 11244K, capacity 13270K, committed 13312K, reserved 1048576K
}

