# JRE version: Java(TM) SE Runtime Environment (8.0_25-b18) (build 1.8.0_25-b18)
# Java VM: Java HotSpot(TM) 64-Bit Server VM (25.25-b02 mixed mode windows-amd64 compressed oops)
Heap:
 PSYoungGen      total 48640K, used 5698K [0x00000000f5580000, 0x00000000f8c00000, 0x0000000100000000)
  eden space 42496K, 5% used [0x00000000f5580000,0x00000000f57a45d0,0x00000000f7f00000)
  from space 6144K, 57% used [0x00000000f7f00000,0x00000000f826c5b8,0x00000000f8500000)
  to   space 6144K, 0% used [0x00000000f8600000,0x00000000f8600000,0x00000000f8c00000)
 ParOldGen       total 85504K, used 57954K [0x00000000e0000000, 0x00000000e5380000, 0x00000000f5580000)
  object space 85504K, 67% used [0x00000000e0000000,0x00000000e3898858,0x00000000e5380000)
 Metaspace       used 97630K, capacity 104052K, committed 104152K, reserved 1140736K
  class space    used 11320K, capacity 13222K, committed 13272K, reserved 1048576K
GC Heap History (10 events):
Event: 22709.918 GC heap before
{Heap before GC invocations=189 (full 38):
 PSYoungGen      total 47616K, used 44839K [0x00000000f5580000, 0x00000000f8a80000, 0x0000000100000000)
  eden space 40960K, 100% used [0x00000000f5580000,0x00000000f7d80000,0x00000000f7d80000)
  from space 6656K, 58% used [0x00000000f8400000,0x00000000f87c9d90,0x00000000f8a80000)
  to   space 6656K, 0% used [0x00000000f7d80000,0x00000000f7d80000,0x00000000f8400000)
 ParOldGen       total 85504K, used 57706K [0x00000000e0000000, 0x00000000e5380000, 0x00000000f5580000)
  object space 85504K, 67% used [0x00000000e0000000,0x00000000e385a858,0x00000000e5380000)
 Metaspace       used 96994K, capacity 103126K, committed 103384K, reserved 1138688K
  class space    used 11260K, capacity 13216K, committed 13272K, reserved 1048576K
Event: 22709.924 GC heap after
Heap after GC invocations=189 (full 38):
 PSYoungGen      total 47616K, used 4026K [0x00000000f5580000, 0x00000000f8b80000, 0x0000000100000000)
  eden space 40960K, 0% used [0x00000000f5580000,0x00000000f5580000,0x00000000f7d80000)
  from space 6656K, 60% used [0x00000000f7d80000,0x00000000f816e8a0,0x00000000f8400000)
  to   space 6656K, 0% used [0x00000000f8500000,0x00000000f8500000,0x00000000f8b80000)
 ParOldGen       total 85504K, used 57778K [0x00000000e0000000, 0x00000000e5380000, 0x00000000f5580000)
  object space 85504K, 67% used [0x00000000e0000000,0x00000000e386c858,0x00000000e5380000)
 Metaspace       used 96994K, capacity 103126K, committed 103384K, reserved 1138688K
  class space    used 11260K, capacity 13216K, committed 13272K, reserved 1048576K
}
Event: 22715.060 GC heap before
{Heap before GC invocations=190 (full 38):
 PSYoungGen      total 47616K, used 44986K [0x00000000f5580000, 0x00000000f8b80000, 0x0000000100000000)
  eden space 40960K, 100% used [0x00000000f5580000,0x00000000f7d80000,0x00000000f7d80000)
  from space 6656K, 60% used [0x00000000f7d80000,0x00000000f816e8a0,0x00000000f8400000)
  to   space 6656K, 0% used [0x00000000f8500000,0x00000000f8500000,0x00000000f8b80000)
 ParOldGen       total 85504K, used 57778K [0x00000000e0000000, 0x00000000e5380000, 0x00000000f5580000)
  object space 85504K, 67% used [0x00000000e0000000,0x00000000e386c858,0x00000000e5380000)
 Metaspace       used 97012K, capacity 103202K, committed 103384K, reserved 1138688K
  class space    used 11261K, capacity 13218K, committed 13272K, reserved 1048576K
Event: 22715.065 GC heap after
Heap after GC invocations=190 (full 38):
 PSYoungGen      total 46592K, used 3800K [0x00000000f5580000, 0x00000000f8a00000, 0x0000000100000000)
  eden space 41472K, 0% used [0x00000000f5580000,0x00000000f5580000,0x00000000f7e00000)
  from space 5120K, 74% used [0x00000000f8500000,0x00000000f88b6008,0x00000000f8a00000)
  to   space 6144K, 0% used [0x00000000f7e00000,0x00000000f7e00000,0x00000000f8400000)
 ParOldGen       total 85504K, used 57818K [0x00000000e0000000, 0x00000000e5380000, 0x00000000f5580000)
  object space 85504K, 67% used [0x00000000e0000000,0x00000000e3876858,0x00000000e5380000)
 Metaspace       used 97012K, capacity 103202K, committed 103384K, reserved 1138688K
  class space    used 11261K, capacity 13218K, committed 13272K, reserved 1048576K
}
Event: 22715.988 GC heap before
{Heap before GC invocations=191 (full 38):
 PSYoungGen      total 46592K, used 45272K [0x00000000f5580000, 0x00000000f8a00000, 0x0000000100000000)
  eden space 41472K, 100% used [0x00000000f5580000,0x00000000f7e00000,0x00000000f7e00000)
  from space 5120K, 74% used [0x00000000f8500000,0x00000000f88b6008,0x00000000f8a00000)
  to   space 6144K, 0% used [0x00000000f7e00000,0x00000000f7e00000,0x00000000f8400000)
 ParOldGen       total 85504K, used 57818K [0x00000000e0000000, 0x00000000e5380000, 0x00000000f5580000)
  object space 85504K, 67% used [0x00000000e0000000,0x00000000e3876858,0x00000000e5380000)
 Metaspace       used 97039K, capacity 103202K, committed 103384K, reserved 1138688K
  class space    used 11261K, capacity 13218K, committed 13272K, reserved 1048576K
Event: 22715.994 GC heap after
Heap after GC invocations=191 (full 38):
 PSYoungGen      total 47616K, used 4089K [0x00000000f5580000, 0x00000000f8b00000, 0x0000000100000000)
  eden space 41472K, 0% used [0x00000000f5580000,0x00000000f5580000,0x00000000f7e00000)
  from space 6144K, 66% used [0x00000000f7e00000,0x00000000f81fe4d0,0x00000000f8400000)
  to   space 6144K, 0% used [0x00000000f8500000,0x00000000f8500000,0x00000000f8b00000)
 ParOldGen       total 85504K, used 57874K [0x00000000e0000000, 0x00000000e5380000, 0x00000000f5580000)
  object space 85504K, 67% used [0x00000000e0000000,0x00000000e3884858,0x00000000e5380000)
 Metaspace       used 97039K, capacity 103202K, committed 103384K, reserved 1138688K
  class space    used 11261K, capacity 13218K, committed 13272K, reserved 1048576K
}
Event: 22720.743 GC heap before
{Heap before GC invocations=192 (full 38):
 PSYoungGen      total 47616K, used 45561K [0x00000000f5580000, 0x00000000f8b00000, 0x0000000100000000)
  eden space 41472K, 100% used [0x00000000f5580000,0x00000000f7e00000,0x00000000f7e00000)
  from space 6144K, 66% used [0x00000000f7e00000,0x00000000f81fe4d0,0x00000000f8400000)
  to   space 6144K, 0% used [0x00000000f8500000,0x00000000f8500000,0x00000000f8b00000)
 ParOldGen       total 85504K, used 57874K [0x00000000e0000000, 0x00000000e5380000, 0x00000000f5580000)
  object space 85504K, 67% used [0x00000000e0000000,0x00000000e3884858,0x00000000e5380000)
 Metaspace       used 97077K, capacity 103266K, committed 103384K, reserved 1138688K
  class space    used 11261K, capacity 13218K, committed 13272K, reserved 1048576K
Event: 22720.750 GC heap after
Heap after GC invocations=192 (full 38):
 PSYoungGen      total 48640K, used 4281K [0x00000000f5580000, 0x00000000f8b00000, 0x0000000100000000)
  eden space 42496K, 0% used [0x00000000f5580000,0x00000000f5580000,0x00000000f7f00000)
  from space 6144K, 69% used [0x00000000f8500000,0x00000000f892e490,0x00000000f8b00000)
  to   space 6144K, 0% used [0x00000000f7f00000,0x00000000f7f00000,0x00000000f8500000)
 ParOldGen       total 85504K, used 57922K [0x00000000e0000000, 0x00000000e5380000, 0x00000000f5580000)
  object space 85504K, 67% used [0x00000000e0000000,0x00000000e3890858,0x00000000e5380000)
 Metaspace       used 97077K, capacity 103266K, committed 103384K, reserved 1138688K
  class space    used 11261K, capacity 13218K, committed 13272K, reserved 1048576K
}
Event: 22751.373 GC heap before
{Heap before GC invocations=193 (full 38):
 PSYoungGen      total 48640K, used 46777K [0x00000000f5580000, 0x00000000f8b00000, 0x0000000100000000)
  eden space 42496K, 100% used [0x00000000f5580000,0x00000000f7f00000,0x00000000f7f00000)
  from space 6144K, 69% used [0x00000000f8500000,0x00000000f892e490,0x00000000f8b00000)
  to   space 6144K, 0% used [0x00000000f7f00000,0x00000000f7f00000,0x00000000f8500000)
 ParOldGen       total 85504K, used 57922K [0x00000000e0000000, 0x00000000e5380000, 0x00000000f5580000)
  object space 85504K, 67% used [0x00000000e0000000,0x00000000e3890858,0x00000000e5380000)
 Metaspace       used 97545K, capacity 103988K, committed 104152K, reserved 1140736K
  class space    used 11314K, capacity 13222K, committed 13272K, reserved 1048576K
Event: 22751.383 GC heap after
Heap after GC invocations=193 (full 38):
 PSYoungGen      total 48640K, used 3505K [0x00000000f5580000, 0x00000000f8c00000, 0x0000000100000000)
  eden space 42496K, 0% used [0x00000000f5580000,0x00000000f5580000,0x00000000f7f00000)
  from space 6144K, 57% used [0x00000000f7f00000,0x00000000f826c5b8,0x00000000f8500000)
  to   space 6144K, 0% used [0x00000000f8600000,0x00000000f8600000,0x00000000f8c00000)
 ParOldGen       total 85504K, used 57954K [0x00000000e0000000, 0x00000000e5380000, 0x00000000f5580000)
  object space 85504K, 67% used [0x00000000e0000000,0x00000000e3898858,0x00000000e5380000)
 Metaspace       used 97545K, capacity 103988K, committed 104152K, reserved 1140736K
  class space    used 11314K, capacity 13222K, committed 13272K, reserved 1048576K
}

