# JRE version: Java(TM) SE Runtime Environment (8.0_25-b18) (build 1.8.0_25-b18)
# Java VM: Java HotSpot(TM) 64-Bit Server VM (25.25-b02 mixed mode windows-amd64 compressed oops)
Heap:
 PSYoungGen      total 73728K, used 24296K [0x00000000f5580000, 0x00000000faf00000, 0x0000000100000000)
  eden space 57856K, 41% used [0x00000000f5580000,0x00000000f6d3a118,0x00000000f8e00000)
  from space 15872K, 0% used [0x00000000f8e00000,0x00000000f8e00000,0x00000000f9d80000)
  to   space 16896K, 0% used [0x00000000f9e80000,0x00000000f9e80000,0x00000000faf00000)
 ParOldGen       total 69632K, used 44098K [0x00000000e0000000, 0x00000000e4400000, 0x00000000f5580000)
  object space 69632K, 63% used [0x00000000e0000000,0x00000000e2b109a0,0x00000000e4400000)
 Metaspace       used 75887K, capacity 81730K, committed 82008K, reserved 1120256K
  class space    used 9431K, capacity 11314K, committed 11352K, reserved 1048576K
GC Heap History (10 events):
Event: 36.033 GC heap before
{Heap before GC invocations=22 (full 3):
 PSYoungGen      total 63488K, used 59549K [0x00000000f5580000, 0x00000000fa400000, 0x0000000100000000)
  eden space 47616K, 99% used [0x00000000f5580000,0x00000000f83fe208,0x00000000f8400000)
  from space 15872K, 75% used [0x00000000f9480000,0x00000000fa029380,0x00000000fa400000)
  to   space 16384K, 0% used [0x00000000f8400000,0x00000000f8400000,0x00000000f9400000)
 ParOldGen       total 69632K, used 30991K [0x00000000e0000000, 0x00000000e4400000, 0x00000000f5580000)
  object space 69632K, 44% used [0x00000000e0000000,0x00000000e1e43c88,0x00000000e4400000)
 Metaspace       used 72482K, capacity 78106K, committed 78168K, reserved 1116160K
  class space    used 9044K, capacity 10796K, committed 10840K, reserved 1048576K
Event: 36.045 GC heap after
Heap after GC invocations=22 (full 3):
 PSYoungGen      total 64000K, used 11063K [0x00000000f5580000, 0x00000000fae00000, 0x0000000100000000)
  eden space 47616K, 0% used [0x00000000f5580000,0x00000000f5580000,0x00000000f8400000)
  from space 16384K, 67% used [0x00000000f8400000,0x00000000f8ecdd30,0x00000000f9400000)
  to   space 16384K, 0% used [0x00000000f9e00000,0x00000000f9e00000,0x00000000fae00000)
 ParOldGen       total 69632K, used 39093K [0x00000000e0000000, 0x00000000e4400000, 0x00000000f5580000)
  object space 69632K, 56% used [0x00000000e0000000,0x00000000e262d4e0,0x00000000e4400000)
 Metaspace       used 72482K, capacity 78106K, committed 78168K, reserved 1116160K
  class space    used 9044K, capacity 10796K, committed 10840K, reserved 1048576K
}
Event: 73.160 GC heap before
{Heap before GC invocations=23 (full 3):
 PSYoungGen      total 64000K, used 56891K [0x00000000f5580000, 0x00000000fae00000, 0x0000000100000000)
  eden space 47616K, 96% used [0x00000000f5580000,0x00000000f8241118,0x00000000f8400000)
  from space 16384K, 67% used [0x00000000f8400000,0x00000000f8ecdd30,0x00000000f9400000)
  to   space 16384K, 0% used [0x00000000f9e00000,0x00000000f9e00000,0x00000000fae00000)
 ParOldGen       total 69632K, used 39093K [0x00000000e0000000, 0x00000000e4400000, 0x00000000f5580000)
  object space 69632K, 56% used [0x00000000e0000000,0x00000000e262d4e0,0x00000000e4400000)
 Metaspace       used 74359K, capacity 80280K, committed 80472K, reserved 1118208K
  class space    used 9259K, capacity 11089K, committed 11096K, reserved 1048576K
Event: 73.168 GC heap after
Heap after GC invocations=23 (full 3):
 PSYoungGen      total 73216K, used 7613K [0x00000000f5580000, 0x00000000fad00000, 0x0000000100000000)
  eden space 57856K, 0% used [0x00000000f5580000,0x00000000f5580000,0x00000000f8e00000)
  from space 15360K, 49% used [0x00000000f9e00000,0x00000000fa56f750,0x00000000fad00000)
  to   space 15872K, 0% used [0x00000000f8e00000,0x00000000f8e00000,0x00000000f9d80000)
 ParOldGen       total 69632K, used 39985K [0x00000000e0000000, 0x00000000e4400000, 0x00000000f5580000)
  object space 69632K, 57% used [0x00000000e0000000,0x00000000e270c598,0x00000000e4400000)
 Metaspace       used 74359K, capacity 80280K, committed 80472K, reserved 1118208K
  class space    used 9259K, capacity 11089K, committed 11096K, reserved 1048576K
}
Event: 73.168 GC heap before
{Heap before GC invocations=24 (full 4):
 PSYoungGen      total 73216K, used 7613K [0x00000000f5580000, 0x00000000fad00000, 0x0000000100000000)
  eden space 57856K, 0% used [0x00000000f5580000,0x00000000f5580000,0x00000000f8e00000)
  from space 15360K, 49% used [0x00000000f9e00000,0x00000000fa56f750,0x00000000fad00000)
  to   space 15872K, 0% used [0x00000000f8e00000,0x00000000f8e00000,0x00000000f9d80000)
 ParOldGen       total 69632K, used 39985K [0x00000000e0000000, 0x00000000e4400000, 0x00000000f5580000)
  object space 69632K, 57% used [0x00000000e0000000,0x00000000e270c598,0x00000000e4400000)
 Metaspace       used 74359K, capacity 80280K, committed 80472K, reserved 1118208K
  class space    used 9259K, capacity 11089K, committed 11096K, reserved 1048576K
Event: 73.503 GC heap after
Heap after GC invocations=24 (full 4):
 PSYoungGen      total 73216K, used 0K [0x00000000f5580000, 0x00000000fad00000, 0x0000000100000000)
  eden space 57856K, 0% used [0x00000000f5580000,0x00000000f5580000,0x00000000f8e00000)
  from space 15360K, 0% used [0x00000000f9e00000,0x00000000f9e00000,0x00000000fad00000)
  to   space 15872K, 0% used [0x00000000f8e00000,0x00000000f8e00000,0x00000000f9d80000)
 ParOldGen       total 69632K, used 45660K [0x00000000e0000000, 0x00000000e4400000, 0x00000000f5580000)
  object space 69632K, 65% used [0x00000000e0000000,0x00000000e2c972a0,0x00000000e4400000)
 Metaspace       used 74359K, capacity 80280K, committed 80472K, reserved 1118208K
  class space    used 9259K, capacity 11089K, committed 11096K, reserved 1048576K
}
Event: 133.173 GC heap before
{Heap before GC invocations=25 (full 4):
 PSYoungGen      total 73216K, used 4321K [0x00000000f5580000, 0x00000000fad00000, 0x0000000100000000)
  eden space 57856K, 7% used [0x00000000f5580000,0x00000000f59b87b8,0x00000000f8e00000)
  from space 15360K, 0% used [0x00000000f9e00000,0x00000000f9e00000,0x00000000fad00000)
  to   space 15872K, 0% used [0x00000000f8e00000,0x00000000f8e00000,0x00000000f9d80000)
 ParOldGen       total 69632K, used 45660K [0x00000000e0000000, 0x00000000e4400000, 0x00000000f5580000)
  object space 69632K, 65% used [0x00000000e0000000,0x00000000e2c972a0,0x00000000e4400000)
 Metaspace       used 74396K, capacity 80280K, committed 80472K, reserved 1118208K
  class space    used 9260K, capacity 11089K, committed 11096K, reserved 1048576K
Event: 133.175 GC heap after
Heap after GC invocations=25 (full 4):
 PSYoungGen      total 73728K, used 256K [0x00000000f5580000, 0x00000000faf00000, 0x0000000100000000)
  eden space 57856K, 0% used [0x00000000f5580000,0x00000000f5580000,0x00000000f8e00000)
  from space 15872K, 1% used [0x00000000f8e00000,0x00000000f8e40000,0x00000000f9d80000)
  to   space 16896K, 0% used [0x00000000f9e80000,0x00000000f9e80000,0x00000000faf00000)
 ParOldGen       total 69632K, used 45668K [0x00000000e0000000, 0x00000000e4400000, 0x00000000f5580000)
  object space 69632K, 65% used [0x00000000e0000000,0x00000000e2c992a0,0x00000000e4400000)
 Metaspace       used 74396K, capacity 80280K, committed 80472K, reserved 1118208K
  class space    used 9260K, capacity 11089K, committed 11096K, reserved 1048576K
}
Event: 133.175 GC heap before
{Heap before GC invocations=26 (full 5):
 PSYoungGen      total 73728K, used 256K [0x00000000f5580000, 0x00000000faf00000, 0x0000000100000000)
  eden space 57856K, 0% used [0x00000000f5580000,0x00000000f5580000,0x00000000f8e00000)
  from space 15872K, 1% used [0x00000000f8e00000,0x00000000f8e40000,0x00000000f9d80000)
  to   space 16896K, 0% used [0x00000000f9e80000,0x00000000f9e80000,0x00000000faf00000)
 ParOldGen       total 69632K, used 45668K [0x00000000e0000000, 0x00000000e4400000, 0x00000000f5580000)
  object space 69632K, 65% used [0x00000000e0000000,0x00000000e2c992a0,0x00000000e4400000)
 Metaspace       used 74396K, capacity 80280K, committed 80472K, reserved 1118208K
  class space    used 9260K, capacity 11089K, committed 11096K, reserved 1048576K
Event: 133.441 GC heap after
Heap after GC invocations=26 (full 5):
 PSYoungGen      total 73728K, used 0K [0x00000000f5580000, 0x00000000faf00000, 0x0000000100000000)
  eden space 57856K, 0% used [0x00000000f5580000,0x00000000f5580000,0x00000000f8e00000)
  from space 15872K, 0% used [0x00000000f8e00000,0x00000000f8e00000,0x00000000f9d80000)
  to   space 16896K, 0% used [0x00000000f9e80000,0x00000000f9e80000,0x00000000faf00000)
 ParOldGen       total 69632K, used 44098K [0x00000000e0000000, 0x00000000e4400000, 0x00000000f5580000)
  object space 69632K, 63% used [0x00000000e0000000,0x00000000e2b109a0,0x00000000e4400000)
 Metaspace       used 74396K, capacity 80280K, committed 80472K, reserved 1118208K
  class space    used 9260K, capacity 11089K, committed 11096K, reserved 1048576K
}

