# JRE version: Java(TM) SE Runtime Environment (8.0_25-b18) (build 1.8.0_25-b18)
# Java VM: Java HotSpot(TM) 64-Bit Server VM (25.25-b02 mixed mode windows-amd64 compressed oops)
Heap:
 PSYoungGen      total 27648K, used 26423K [0x00000000f5580000, 0x00000000f7480000, 0x0000000100000000)
  eden space 23552K, 99% used [0x00000000f5580000,0x00000000f6c4cf70,0x00000000f6c80000)
  from space 4096K, 75% used [0x00000000f7080000,0x00000000f7380e30,0x00000000f7480000)
  to   space 4096K, 0% used [0x00000000f6c80000,0x00000000f6c80000,0x00000000f7080000)
 ParOldGen       total 68608K, used 52241K [0x00000000e0000000, 0x00000000e4300000, 0x00000000f5580000)
  object space 68608K, 76% used [0x00000000e0000000,0x00000000e33044d0,0x00000000e4300000)
 Metaspace       used 96636K, capacity 103062K, committed 103256K, reserved 1138688K
  class space    used 11252K, capacity 13346K, committed 13400K, reserved 1048576K
GC Heap History (10 events):
Event: 14315.048 GC heap before
{Heap before GC invocations=169 (full 19):
 PSYoungGen      total 27648K, used 26451K [0x00000000f5580000, 0x00000000f7480000, 0x0000000100000000)
  eden space 23552K, 99% used [0x00000000f5580000,0x00000000f6c7ff50,0x00000000f6c80000)
  from space 4096K, 70% used [0x00000000f6c80000,0x00000000f6f54e40,0x00000000f7080000)
  to   space 4096K, 0% used [0x00000000f7080000,0x00000000f7080000,0x00000000f7480000)
 ParOldGen       total 68608K, used 52201K [0x00000000e0000000, 0x00000000e4300000, 0x00000000f5580000)
  object space 68608K, 76% used [0x00000000e0000000,0x00000000e32fa4d0,0x00000000e4300000)
 Metaspace       used 95999K, capacity 102532K, committed 102744K, reserved 1138688K
  class space    used 11188K, capacity 13279K, committed 13400K, reserved 1048576K
Event: 14315.054 GC heap after
Heap after GC invocations=169 (full 19):
 PSYoungGen      total 27648K, used 2739K [0x00000000f5580000, 0x00000000f7480000, 0x0000000100000000)
  eden space 23552K, 0% used [0x00000000f5580000,0x00000000f5580000,0x00000000f6c80000)
  from space 4096K, 66% used [0x00000000f7080000,0x00000000f732ce40,0x00000000f7480000)
  to   space 4096K, 0% used [0x00000000f6c80000,0x00000000f6c80000,0x00000000f7080000)
 ParOldGen       total 68608K, used 52209K [0x00000000e0000000, 0x00000000e4300000, 0x00000000f5580000)
  object space 68608K, 76% used [0x00000000e0000000,0x00000000e32fc4d0,0x00000000e4300000)
 Metaspace       used 95999K, capacity 102532K, committed 102744K, reserved 1138688K
  class space    used 11188K, capacity 13279K, committed 13400K, reserved 1048576K
}
Event: 14356.925 GC heap before
{Heap before GC invocations=170 (full 19):
 PSYoungGen      total 27648K, used 26291K [0x00000000f5580000, 0x00000000f7480000, 0x0000000100000000)
  eden space 23552K, 100% used [0x00000000f5580000,0x00000000f6c80000,0x00000000f6c80000)
  from space 4096K, 66% used [0x00000000f7080000,0x00000000f732ce40,0x00000000f7480000)
  to   space 4096K, 0% used [0x00000000f6c80000,0x00000000f6c80000,0x00000000f7080000)
 ParOldGen       total 68608K, used 52209K [0x00000000e0000000, 0x00000000e4300000, 0x00000000f5580000)
  object space 68608K, 76% used [0x00000000e0000000,0x00000000e32fc4d0,0x00000000e4300000)
 Metaspace       used 96017K, capacity 102532K, committed 102744K, reserved 1138688K
  class space    used 11189K, capacity 13279K, committed 13400K, reserved 1048576K
Event: 14356.945 GC heap after
Heap after GC invocations=170 (full 19):
 PSYoungGen      total 27648K, used 2919K [0x00000000f5580000, 0x00000000f7480000, 0x0000000100000000)
  eden space 23552K, 0% used [0x00000000f5580000,0x00000000f5580000,0x00000000f6c80000)
  from space 4096K, 71% used [0x00000000f6c80000,0x00000000f6f59c60,0x00000000f7080000)
  to   space 4096K, 0% used [0x00000000f7080000,0x00000000f7080000,0x00000000f7480000)
 ParOldGen       total 68608K, used 52209K [0x00000000e0000000, 0x00000000e4300000, 0x00000000f5580000)
  object space 68608K, 76% used [0x00000000e0000000,0x00000000e32fc4d0,0x00000000e4300000)
 Metaspace       used 96017K, capacity 102532K, committed 102744K, reserved 1138688K
  class space    used 11189K, capacity 13279K, committed 13400K, reserved 1048576K
}
Event: 14372.814 GC heap before
{Heap before GC invocations=171 (full 19):
 PSYoungGen      total 27648K, used 26466K [0x00000000f5580000, 0x00000000f7480000, 0x0000000100000000)
  eden space 23552K, 99% used [0x00000000f5580000,0x00000000f6c7ef98,0x00000000f6c80000)
  from space 4096K, 71% used [0x00000000f6c80000,0x00000000f6f59c60,0x00000000f7080000)
  to   space 4096K, 0% used [0x00000000f7080000,0x00000000f7080000,0x00000000f7480000)
 ParOldGen       total 68608K, used 52209K [0x00000000e0000000, 0x00000000e4300000, 0x00000000f5580000)
  object space 68608K, 76% used [0x00000000e0000000,0x00000000e32fc4d0,0x00000000e4300000)
 Metaspace       used 96041K, capacity 102660K, committed 103000K, reserved 1138688K
  class space    used 11191K, capacity 13279K, committed 13400K, reserved 1048576K
Event: 14372.830 GC heap after
Heap after GC invocations=171 (full 19):
 PSYoungGen      total 27648K, used 2903K [0x00000000f5580000, 0x00000000f7480000, 0x0000000100000000)
  eden space 23552K, 0% used [0x00000000f5580000,0x00000000f5580000,0x00000000f6c80000)
  from space 4096K, 70% used [0x00000000f7080000,0x00000000f7355c70,0x00000000f7480000)
  to   space 4096K, 0% used [0x00000000f6c80000,0x00000000f6c80000,0x00000000f7080000)
 ParOldGen       total 68608K, used 52217K [0x00000000e0000000, 0x00000000e4300000, 0x00000000f5580000)
  object space 68608K, 76% used [0x00000000e0000000,0x00000000e32fe4d0,0x00000000e4300000)
 Metaspace       used 96041K, capacity 102660K, committed 103000K, reserved 1138688K
  class space    used 11191K, capacity 13279K, committed 13400K, reserved 1048576K
}
Event: 14381.873 GC heap before
{Heap before GC invocations=172 (full 19):
 PSYoungGen      total 27648K, used 26455K [0x00000000f5580000, 0x00000000f7480000, 0x0000000100000000)
  eden space 23552K, 100% used [0x00000000f5580000,0x00000000f6c80000,0x00000000f6c80000)
  from space 4096K, 70% used [0x00000000f7080000,0x00000000f7355c70,0x00000000f7480000)
  to   space 4096K, 0% used [0x00000000f6c80000,0x00000000f6c80000,0x00000000f7080000)
 ParOldGen       total 68608K, used 52217K [0x00000000e0000000, 0x00000000e4300000, 0x00000000f5580000)
  object space 68608K, 76% used [0x00000000e0000000,0x00000000e32fe4d0,0x00000000e4300000)
 Metaspace       used 96055K, capacity 102660K, committed 103000K, reserved 1138688K
  class space    used 11191K, capacity 13279K, committed 13400K, reserved 1048576K
Event: 14381.890 GC heap after
Heap after GC invocations=172 (full 19):
 PSYoungGen      total 27648K, used 3027K [0x00000000f5580000, 0x00000000f7480000, 0x0000000100000000)
  eden space 23552K, 0% used [0x00000000f5580000,0x00000000f5580000,0x00000000f6c80000)
  from space 4096K, 73% used [0x00000000f6c80000,0x00000000f6f74e40,0x00000000f7080000)
  to   space 4096K, 0% used [0x00000000f7080000,0x00000000f7080000,0x00000000f7480000)
 ParOldGen       total 68608K, used 52225K [0x00000000e0000000, 0x00000000e4300000, 0x00000000f5580000)
  object space 68608K, 76% used [0x00000000e0000000,0x00000000e33004d0,0x00000000e4300000)
 Metaspace       used 96055K, capacity 102660K, committed 103000K, reserved 1138688K
  class space    used 11191K, capacity 13279K, committed 13400K, reserved 1048576K
}
Event: 14400.625 GC heap before
{Heap before GC invocations=173 (full 19):
 PSYoungGen      total 27648K, used 26579K [0x00000000f5580000, 0x00000000f7480000, 0x0000000100000000)
  eden space 23552K, 100% used [0x00000000f5580000,0x00000000f6c80000,0x00000000f6c80000)
  from space 4096K, 73% used [0x00000000f6c80000,0x00000000f6f74e40,0x00000000f7080000)
  to   space 4096K, 0% used [0x00000000f7080000,0x00000000f7080000,0x00000000f7480000)
 ParOldGen       total 68608K, used 52225K [0x00000000e0000000, 0x00000000e4300000, 0x00000000f5580000)
  object space 68608K, 76% used [0x00000000e0000000,0x00000000e33004d0,0x00000000e4300000)
 Metaspace       used 96170K, capacity 102820K, committed 103000K, reserved 1138688K
  class space    used 11204K, capacity 13311K, committed 13400K, reserved 1048576K
Event: 14400.731 GC heap after
Heap after GC invocations=173 (full 19):
 PSYoungGen      total 27648K, used 3075K [0x00000000f5580000, 0x00000000f7480000, 0x0000000100000000)
  eden space 23552K, 0% used [0x00000000f5580000,0x00000000f5580000,0x00000000f6c80000)
  from space 4096K, 75% used [0x00000000f7080000,0x00000000f7380e30,0x00000000f7480000)
  to   space 4096K, 0% used [0x00000000f6c80000,0x00000000f6c80000,0x00000000f7080000)
 ParOldGen       total 68608K, used 52241K [0x00000000e0000000, 0x00000000e4300000, 0x00000000f5580000)
  object space 68608K, 76% used [0x00000000e0000000,0x00000000e33044d0,0x00000000e4300000)
 Metaspace       used 96170K, capacity 102820K, committed 103000K, reserved 1138688K
  class space    used 11204K, capacity 13311K, committed 13400K, reserved 1048576K
}

