# JRE version: Java(TM) SE Runtime Environment (8.0_25-b18) (build 1.8.0_25-b18)
# Java VM: Java HotSpot(TM) 64-Bit Server VM (25.25-b02 mixed mode windows-amd64 compressed oops)
Heap:
 PSYoungGen      total 29696K, used 2589K [0x00000000f5580000, 0x00000000f7700000, 0x0000000100000000)
  eden space 25088K, 1% used [0x00000000f5580000,0x00000000f55e9c20,0x00000000f6e00000)
  from space 4608K, 47% used [0x00000000f7280000,0x00000000f749dba8,0x00000000f7700000)
  to   space 4608K, 0% used [0x00000000f6e00000,0x00000000f6e00000,0x00000000f7280000)
 ParOldGen       total 72192K, used 64262K [0x00000000e0000000, 0x00000000e4680000, 0x00000000f5580000)
  object space 72192K, 89% used [0x00000000e0000000,0x00000000e3ec1b80,0x00000000e4680000)
 Metaspace       used 89108K, capacity 95050K, committed 95192K, reserved 1132544K
  class space    used 10375K, capacity 12426K, committed 12504K, reserved 1048576K
GC Heap History (10 events):
Event: 20466.125 GC heap before
{Heap before GC invocations=467 (full 165):
 PSYoungGen      total 29696K, used 26383K [0x00000000f5580000, 0x00000000f7700000, 0x0000000100000000)
  eden space 25088K, 100% used [0x00000000f5580000,0x00000000f6e00000,0x00000000f6e00000)
  from space 4608K, 28% used [0x00000000f6e00000,0x00000000f6f43c60,0x00000000f7280000)
  to   space 4608K, 0% used [0x00000000f7280000,0x00000000f7280000,0x00000000f7700000)
 ParOldGen       total 72192K, used 64062K [0x00000000e0000000, 0x00000000e4680000, 0x00000000f5580000)
  object space 72192K, 88% used [0x00000000e0000000,0x00000000e3e8f9e0,0x00000000e4680000)
 Metaspace       used 88229K, capacity 94106K, committed 94424K, reserved 1132544K
  class space    used 10272K, capacity 12200K, committed 12248K, reserved 1048576K
Event: 20466.132 GC heap after
Heap after GC invocations=467 (full 165):
 PSYoungGen      total 29696K, used 1311K [0x00000000f5580000, 0x00000000f7700000, 0x0000000100000000)
  eden space 25088K, 0% used [0x00000000f5580000,0x00000000f5580000,0x00000000f6e00000)
  from space 4608K, 28% used [0x00000000f7280000,0x00000000f73c7c50,0x00000000f7700000)
  to   space 4608K, 0% used [0x00000000f6e00000,0x00000000f6e00000,0x00000000f7280000)
 ParOldGen       total 72192K, used 64086K [0x00000000e0000000, 0x00000000e4680000, 0x00000000f5580000)
  object space 72192K, 88% used [0x00000000e0000000,0x00000000e3e959e0,0x00000000e4680000)
 Metaspace       used 88229K, capacity 94106K, committed 94424K, reserved 1132544K
  class space    used 10272K, capacity 12200K, committed 12248K, reserved 1048576K
}
Event: 20466.537 GC heap before
{Heap before GC invocations=468 (full 165):
 PSYoungGen      total 29696K, used 26399K [0x00000000f5580000, 0x00000000f7700000, 0x0000000100000000)
  eden space 25088K, 100% used [0x00000000f5580000,0x00000000f6e00000,0x00000000f6e00000)
  from space 4608K, 28% used [0x00000000f7280000,0x00000000f73c7c50,0x00000000f7700000)
  to   space 4608K, 0% used [0x00000000f6e00000,0x00000000f6e00000,0x00000000f7280000)
 ParOldGen       total 72192K, used 64086K [0x00000000e0000000, 0x00000000e4680000, 0x00000000f5580000)
  object space 72192K, 88% used [0x00000000e0000000,0x00000000e3e959e0,0x00000000e4680000)
 Metaspace       used 88231K, capacity 94106K, committed 94424K, reserved 1132544K
  class space    used 10272K, capacity 12200K, committed 12248K, reserved 1048576K
Event: 20466.542 GC heap after
Heap after GC invocations=468 (full 165):
 PSYoungGen      total 29696K, used 2463K [0x00000000f5580000, 0x00000000f7700000, 0x0000000100000000)
  eden space 25088K, 0% used [0x00000000f5580000,0x00000000f5580000,0x00000000f6e00000)
  from space 4608K, 53% used [0x00000000f6e00000,0x00000000f7067d80,0x00000000f7280000)
  to   space 4608K, 0% used [0x00000000f7280000,0x00000000f7280000,0x00000000f7700000)
 ParOldGen       total 72192K, used 64110K [0x00000000e0000000, 0x00000000e4680000, 0x00000000f5580000)
  object space 72192K, 88% used [0x00000000e0000000,0x00000000e3e9b9e0,0x00000000e4680000)
 Metaspace       used 88231K, capacity 94106K, committed 94424K, reserved 1132544K
  class space    used 10272K, capacity 12200K, committed 12248K, reserved 1048576K
}
Event: 20753.413 GC heap before
{Heap before GC invocations=469 (full 165):
 PSYoungGen      total 29696K, used 27535K [0x00000000f5580000, 0x00000000f7700000, 0x0000000100000000)
  eden space 25088K, 99% used [0x00000000f5580000,0x00000000f6dfc170,0x00000000f6e00000)
  from space 4608K, 53% used [0x00000000f6e00000,0x00000000f7067d80,0x00000000f7280000)
  to   space 4608K, 0% used [0x00000000f7280000,0x00000000f7280000,0x00000000f7700000)
 ParOldGen       total 72192K, used 64110K [0x00000000e0000000, 0x00000000e4680000, 0x00000000f5580000)
  object space 72192K, 88% used [0x00000000e0000000,0x00000000e3e9b9e0,0x00000000e4680000)
 Metaspace       used 88240K, capacity 94170K, committed 94424K, reserved 1132544K
  class space    used 10272K, capacity 12200K, committed 12248K, reserved 1048576K
Event: 20753.421 GC heap after
Heap after GC invocations=469 (full 165):
 PSYoungGen      total 29696K, used 2847K [0x00000000f5580000, 0x00000000f7700000, 0x0000000100000000)
  eden space 25088K, 0% used [0x00000000f5580000,0x00000000f5580000,0x00000000f6e00000)
  from space 4608K, 61% used [0x00000000f7280000,0x00000000f7547c50,0x00000000f7700000)
  to   space 4608K, 0% used [0x00000000f6e00000,0x00000000f6e00000,0x00000000f7280000)
 ParOldGen       total 72192K, used 64150K [0x00000000e0000000, 0x00000000e4680000, 0x00000000f5580000)
  object space 72192K, 88% used [0x00000000e0000000,0x00000000e3ea5b80,0x00000000e4680000)
 Metaspace       used 88240K, capacity 94170K, committed 94424K, reserved 1132544K
  class space    used 10272K, capacity 12200K, committed 12248K, reserved 1048576K
}
Event: 21315.502 GC heap before
{Heap before GC invocations=470 (full 165):
 PSYoungGen      total 29696K, used 27935K [0x00000000f5580000, 0x00000000f7700000, 0x0000000100000000)
  eden space 25088K, 100% used [0x00000000f5580000,0x00000000f6e00000,0x00000000f6e00000)
  from space 4608K, 61% used [0x00000000f7280000,0x00000000f7547c50,0x00000000f7700000)
  to   space 4608K, 0% used [0x00000000f6e00000,0x00000000f6e00000,0x00000000f7280000)
 ParOldGen       total 72192K, used 64150K [0x00000000e0000000, 0x00000000e4680000, 0x00000000f5580000)
  object space 72192K, 88% used [0x00000000e0000000,0x00000000e3ea5b80,0x00000000e4680000)
 Metaspace       used 88256K, capacity 94170K, committed 94424K, reserved 1132544K
  class space    used 10273K, capacity 12200K, committed 12248K, reserved 1048576K
Event: 21315.508 GC heap after
Heap after GC invocations=470 (full 165):
 PSYoungGen      total 29696K, used 3039K [0x00000000f5580000, 0x00000000f7700000, 0x0000000100000000)
  eden space 25088K, 0% used [0x00000000f5580000,0x00000000f5580000,0x00000000f6e00000)
  from space 4608K, 65% used [0x00000000f6e00000,0x00000000f70f7c50,0x00000000f7280000)
  to   space 4608K, 0% used [0x00000000f7280000,0x00000000f7280000,0x00000000f7700000)
 ParOldGen       total 72192K, used 64182K [0x00000000e0000000, 0x00000000e4680000, 0x00000000f5580000)
  object space 72192K, 88% used [0x00000000e0000000,0x00000000e3eadb80,0x00000000e4680000)
 Metaspace       used 88256K, capacity 94170K, committed 94424K, reserved 1132544K
  class space    used 10273K, capacity 12200K, committed 12248K, reserved 1048576K
}
Event: 21322.313 GC heap before
{Heap before GC invocations=471 (full 165):
 PSYoungGen      total 29696K, used 28127K [0x00000000f5580000, 0x00000000f7700000, 0x0000000100000000)
  eden space 25088K, 100% used [0x00000000f5580000,0x00000000f6e00000,0x00000000f6e00000)
  from space 4608K, 65% used [0x00000000f6e00000,0x00000000f70f7c50,0x00000000f7280000)
  to   space 4608K, 0% used [0x00000000f7280000,0x00000000f7280000,0x00000000f7700000)
 ParOldGen       total 72192K, used 64182K [0x00000000e0000000, 0x00000000e4680000, 0x00000000f5580000)
  object space 72192K, 88% used [0x00000000e0000000,0x00000000e3eadb80,0x00000000e4680000)
 Metaspace       used 89096K, capacity 95018K, committed 95192K, reserved 1132544K
  class space    used 10374K, capacity 12394K, committed 12504K, reserved 1048576K
Event: 21322.326 GC heap after
Heap after GC invocations=471 (full 165):
 PSYoungGen      total 29696K, used 2166K [0x00000000f5580000, 0x00000000f7700000, 0x0000000100000000)
  eden space 25088K, 0% used [0x00000000f5580000,0x00000000f5580000,0x00000000f6e00000)
  from space 4608K, 47% used [0x00000000f7280000,0x00000000f749dba8,0x00000000f7700000)
  to   space 4608K, 0% used [0x00000000f6e00000,0x00000000f6e00000,0x00000000f7280000)
 ParOldGen       total 72192K, used 64262K [0x00000000e0000000, 0x00000000e4680000, 0x00000000f5580000)
  object space 72192K, 89% used [0x00000000e0000000,0x00000000e3ec1b80,0x00000000e4680000)
 Metaspace       used 89096K, capacity 95018K, committed 95192K, reserved 1132544K
  class space    used 10374K, capacity 12394K, committed 12504K, reserved 1048576K
}

