# JRE version: Java(TM) SE Runtime Environment (8.0_25-b18) (build 1.8.0_25-b18)
# Java VM: Java HotSpot(TM) 64-Bit Server VM (25.25-b02 mixed mode windows-amd64 compressed oops)
Heap:
 PSYoungGen      total 129536K, used 29574K [0x00000000f5580000, 0x00000000fd580000, 0x0000000100000000)
  eden space 129024K, 22% used [0x00000000f5580000,0x00000000f7261950,0x00000000fd380000)
  from space 512K, 0% used [0x00000000fd400000,0x00000000fd400000,0x00000000fd480000)
  to   space 1024K, 0% used [0x00000000fd480000,0x00000000fd480000,0x00000000fd580000)
 ParOldGen       total 78336K, used 32157K [0x00000000e0000000, 0x00000000e4c80000, 0x00000000f5580000)
  object space 78336K, 41% used [0x00000000e0000000,0x00000000e1f67730,0x00000000e4c80000)
 Metaspace       used 72800K, capacity 78530K, committed 78740K, reserved 1118208K
  class space    used 8959K, capacity 10816K, committed 10900K, reserved 1048576K
GC Heap History (10 events):
Event: 14313.422 GC heap before
{Heap before GC invocations=261 (full 126):
 PSYoungGen      total 129536K, used 160K [0x00000000f5580000, 0x00000000fd500000, 0x0000000100000000)
  eden space 129024K, 0% used [0x00000000f5580000,0x00000000f5580000,0x00000000fd380000)
  from space 512K, 31% used [0x00000000fd400000,0x00000000fd428000,0x00000000fd480000)
  to   space 512K, 0% used [0x00000000fd480000,0x00000000fd480000,0x00000000fd500000)
 ParOldGen       total 78336K, used 31831K [0x00000000e0000000, 0x00000000e4c80000, 0x00000000f5580000)
  object space 78336K, 40% used [0x00000000e0000000,0x00000000e1f15c60,0x00000000e4c80000)
 Metaspace       used 71564K, capacity 77184K, committed 77332K, reserved 1116160K
  class space    used 8817K, capacity 10651K, committed 10772K, reserved 1048576K
Event: 14313.574 GC heap after
Heap after GC invocations=261 (full 126):
 PSYoungGen      total 129536K, used 0K [0x00000000f5580000, 0x00000000fd500000, 0x0000000100000000)
  eden space 129024K, 0% used [0x00000000f5580000,0x00000000f5580000,0x00000000fd380000)
  from space 512K, 0% used [0x00000000fd400000,0x00000000fd400000,0x00000000fd480000)
  to   space 512K, 0% used [0x00000000fd480000,0x00000000fd480000,0x00000000fd500000)
 ParOldGen       total 78336K, used 31831K [0x00000000e0000000, 0x00000000e4c80000, 0x00000000f5580000)
  object space 78336K, 40% used [0x00000000e0000000,0x00000000e1f15c60,0x00000000e4c80000)
 Metaspace       used 71564K, capacity 77184K, committed 77332K, reserved 1116160K
  class space    used 8817K, capacity 10651K, committed 10772K, reserved 1048576K
}
Event: 14373.474 GC heap before
{Heap before GC invocations=262 (full 126):
 PSYoungGen      total 129536K, used 5220K [0x00000000f5580000, 0x00000000fd500000, 0x0000000100000000)
  eden space 129024K, 4% used [0x00000000f5580000,0x00000000f5a99278,0x00000000fd380000)
  from space 512K, 0% used [0x00000000fd400000,0x00000000fd400000,0x00000000fd480000)
  to   space 512K, 0% used [0x00000000fd480000,0x00000000fd480000,0x00000000fd500000)
 ParOldGen       total 78336K, used 31831K [0x00000000e0000000, 0x00000000e4c80000, 0x00000000f5580000)
  object space 78336K, 40% used [0x00000000e0000000,0x00000000e1f15c60,0x00000000e4c80000)
 Metaspace       used 71574K, capacity 77184K, committed 77332K, reserved 1116160K
  class space    used 8817K, capacity 10651K, committed 10772K, reserved 1048576K
Event: 14373.478 GC heap after
Heap after GC invocations=262 (full 126):
 PSYoungGen      total 129536K, used 416K [0x00000000f5580000, 0x00000000fd500000, 0x0000000100000000)
  eden space 129024K, 0% used [0x00000000f5580000,0x00000000f5580000,0x00000000fd380000)
  from space 512K, 81% used [0x00000000fd480000,0x00000000fd4e8000,0x00000000fd500000)
  to   space 512K, 0% used [0x00000000fd400000,0x00000000fd400000,0x00000000fd480000)
 ParOldGen       total 78336K, used 31831K [0x00000000e0000000, 0x00000000e4c80000, 0x00000000f5580000)
  object space 78336K, 40% used [0x00000000e0000000,0x00000000e1f15c60,0x00000000e4c80000)
 Metaspace       used 71574K, capacity 77184K, committed 77332K, reserved 1116160K
  class space    used 8817K, capacity 10651K, committed 10772K, reserved 1048576K
}
Event: 14373.478 GC heap before
{Heap before GC invocations=263 (full 127):
 PSYoungGen      total 129536K, used 416K [0x00000000f5580000, 0x00000000fd500000, 0x0000000100000000)
  eden space 129024K, 0% used [0x00000000f5580000,0x00000000f5580000,0x00000000fd380000)
  from space 512K, 81% used [0x00000000fd480000,0x00000000fd4e8000,0x00000000fd500000)
  to   space 512K, 0% used [0x00000000fd400000,0x00000000fd400000,0x00000000fd480000)
 ParOldGen       total 78336K, used 31831K [0x00000000e0000000, 0x00000000e4c80000, 0x00000000f5580000)
  object space 78336K, 40% used [0x00000000e0000000,0x00000000e1f15c60,0x00000000e4c80000)
 Metaspace       used 71574K, capacity 77184K, committed 77332K, reserved 1116160K
  class space    used 8817K, capacity 10651K, committed 10772K, reserved 1048576K
Event: 14373.686 GC heap after
Heap after GC invocations=263 (full 127):
 PSYoungGen      total 129536K, used 0K [0x00000000f5580000, 0x00000000fd500000, 0x0000000100000000)
  eden space 129024K, 0% used [0x00000000f5580000,0x00000000f5580000,0x00000000fd380000)
  from space 512K, 0% used [0x00000000fd480000,0x00000000fd480000,0x00000000fd500000)
  to   space 512K, 0% used [0x00000000fd400000,0x00000000fd400000,0x00000000fd480000)
 ParOldGen       total 78336K, used 32038K [0x00000000e0000000, 0x00000000e4c80000, 0x00000000f5580000)
  object space 78336K, 40% used [0x00000000e0000000,0x00000000e1f49b80,0x00000000e4c80000)
 Metaspace       used 71574K, capacity 77184K, committed 77332K, reserved 1116160K
  class space    used 8817K, capacity 10651K, committed 10772K, reserved 1048576K
}
Event: 14433.488 GC heap before
{Heap before GC invocations=264 (full 127):
 PSYoungGen      total 129536K, used 9244K [0x00000000f5580000, 0x00000000fd500000, 0x0000000100000000)
  eden space 129024K, 7% used [0x00000000f5580000,0x00000000f5e87108,0x00000000fd380000)
  from space 512K, 0% used [0x00000000fd480000,0x00000000fd480000,0x00000000fd500000)
  to   space 512K, 0% used [0x00000000fd400000,0x00000000fd400000,0x00000000fd480000)
 ParOldGen       total 78336K, used 32038K [0x00000000e0000000, 0x00000000e4c80000, 0x00000000f5580000)
  object space 78336K, 40% used [0x00000000e0000000,0x00000000e1f49b80,0x00000000e4c80000)
 Metaspace       used 71580K, capacity 77190K, committed 77332K, reserved 1116160K
  class space    used 8817K, capacity 10652K, committed 10772K, reserved 1048576K
Event: 14433.491 GC heap after
Heap after GC invocations=264 (full 127):
 PSYoungGen      total 129536K, used 384K [0x00000000f5580000, 0x00000000fd580000, 0x0000000100000000)
  eden space 129024K, 0% used [0x00000000f5580000,0x00000000f5580000,0x00000000fd380000)
  from space 512K, 75% used [0x00000000fd400000,0x00000000fd460000,0x00000000fd480000)
  to   space 1024K, 0% used [0x00000000fd480000,0x00000000fd480000,0x00000000fd580000)
 ParOldGen       total 78336K, used 32038K [0x00000000e0000000, 0x00000000e4c80000, 0x00000000f5580000)
  object space 78336K, 40% used [0x00000000e0000000,0x00000000e1f49b80,0x00000000e4c80000)
 Metaspace       used 71580K, capacity 77190K, committed 77332K, reserved 1116160K
  class space    used 8817K, capacity 10652K, committed 10772K, reserved 1048576K
}
Event: 14433.491 GC heap before
{Heap before GC invocations=265 (full 128):
 PSYoungGen      total 129536K, used 384K [0x00000000f5580000, 0x00000000fd580000, 0x0000000100000000)
  eden space 129024K, 0% used [0x00000000f5580000,0x00000000f5580000,0x00000000fd380000)
  from space 512K, 75% used [0x00000000fd400000,0x00000000fd460000,0x00000000fd480000)
  to   space 1024K, 0% used [0x00000000fd480000,0x00000000fd480000,0x00000000fd580000)
 ParOldGen       total 78336K, used 32038K [0x00000000e0000000, 0x00000000e4c80000, 0x00000000f5580000)
  object space 78336K, 40% used [0x00000000e0000000,0x00000000e1f49b80,0x00000000e4c80000)
 Metaspace       used 71580K, capacity 77190K, committed 77332K, reserved 1116160K
  class space    used 8817K, capacity 10652K, committed 10772K, reserved 1048576K
Event: 14433.679 GC heap after
Heap after GC invocations=265 (full 128):
 PSYoungGen      total 129536K, used 0K [0x00000000f5580000, 0x00000000fd580000, 0x0000000100000000)
  eden space 129024K, 0% used [0x00000000f5580000,0x00000000f5580000,0x00000000fd380000)
  from space 512K, 0% used [0x00000000fd400000,0x00000000fd400000,0x00000000fd480000)
  to   space 1024K, 0% used [0x00000000fd480000,0x00000000fd480000,0x00000000fd580000)
 ParOldGen       total 78336K, used 32157K [0x00000000e0000000, 0x00000000e4c80000, 0x00000000f5580000)
  object space 78336K, 41% used [0x00000000e0000000,0x00000000e1f67730,0x00000000e4c80000)
 Metaspace       used 71580K, capacity 77190K, committed 77332K, reserved 1116160K
  class space    used 8817K, capacity 10652K, committed 10772K, reserved 1048576K
}

