# JRE version: Java(TM) SE Runtime Environment (8.0_25-b18) (build 1.8.0_25-b18)
# Java VM: Java HotSpot(TM) 64-Bit Server VM (25.25-b02 mixed mode windows-amd64 compressed oops)
Heap:
 PSYoungGen      total 49152K, used 27408K [0x00000000f5580000, 0x00000000fa100000, 0x0000000100000000)
  eden space 33792K, 38% used [0x00000000f5580000,0x00000000f6241638,0x00000000f7680000)
  from space 15360K, 93% used [0x00000000f7680000,0x00000000f8482cd8,0x00000000f8580000)
  to   space 16896K, 0% used [0x00000000f9080000,0x00000000f9080000,0x00000000fa100000)
 ParOldGen       total 70656K, used 29468K [0x00000000e0000000, 0x00000000e4500000, 0x00000000f5580000)
  object space 70656K, 41% used [0x00000000e0000000,0x00000000e1cc7348,0x00000000e4500000)
 Metaspace       used 62883K, capacity 67460K, committed 67672K, reserved 1107968K
  class space    used 7781K, capacity 9200K, committed 9304K, reserved 1048576K
GC Heap History (10 events):
Event: 53.432 GC heap before
{Heap before GC invocations=16 (full 2):
 PSYoungGen      total 36352K, used 25024K [0x00000000f5580000, 0x00000000f8e80000, 0x0000000100000000)
  eden space 22528K, 49% used [0x00000000f5580000,0x00000000f6075258,0x00000000f6b80000)
  from space 13824K, 99% used [0x00000000f6b80000,0x00000000f78fb180,0x00000000f7900000)
  to   space 15360K, 0% used [0x00000000f7f80000,0x00000000f7f80000,0x00000000f8e80000)
 ParOldGen       total 54784K, used 22159K [0x00000000e0000000, 0x00000000e3580000, 0x00000000f5580000)
  object space 54784K, 40% used [0x00000000e0000000,0x00000000e15a3fb0,0x00000000e3580000)
 Metaspace       used 54799K, capacity 58940K, committed 59028K, reserved 1099776K
  class space    used 6745K, capacity 8105K, committed 8152K, reserved 1048576K
Event: 53.454 GC heap after
Heap after GC invocations=16 (full 2):
 PSYoungGen      total 41984K, used 12455K [0x00000000f5580000, 0x00000000f9200000, 0x0000000100000000)
  eden space 26624K, 0% used [0x00000000f5580000,0x00000000f5580000,0x00000000f6f80000)
  from space 15360K, 81% used [0x00000000f7f80000,0x00000000f8ba9cf8,0x00000000f8e80000)
  to   space 16384K, 0% used [0x00000000f6f80000,0x00000000f6f80000,0x00000000f7f80000)
 ParOldGen       total 54784K, used 22167K [0x00000000e0000000, 0x00000000e3580000, 0x00000000f5580000)
  object space 54784K, 40% used [0x00000000e0000000,0x00000000e15a5fb0,0x00000000e3580000)
 Metaspace       used 54799K, capacity 58940K, committed 59028K, reserved 1099776K
  class space    used 6745K, capacity 8105K, committed 8152K, reserved 1048576K
}
Event: 53.454 GC heap before
{Heap before GC invocations=17 (full 3):
 PSYoungGen      total 41984K, used 12455K [0x00000000f5580000, 0x00000000f9200000, 0x0000000100000000)
  eden space 26624K, 0% used [0x00000000f5580000,0x00000000f5580000,0x00000000f6f80000)
  from space 15360K, 81% used [0x00000000f7f80000,0x00000000f8ba9cf8,0x00000000f8e80000)
  to   space 16384K, 0% used [0x00000000f6f80000,0x00000000f6f80000,0x00000000f7f80000)
 ParOldGen       total 54784K, used 22167K [0x00000000e0000000, 0x00000000e3580000, 0x00000000f5580000)
  object space 54784K, 40% used [0x00000000e0000000,0x00000000e15a5fb0,0x00000000e3580000)
 Metaspace       used 54799K, capacity 58940K, committed 59028K, reserved 1099776K
  class space    used 6745K, capacity 8105K, committed 8152K, reserved 1048576K
Event: 53.683 GC heap after
Heap after GC invocations=17 (full 3):
 PSYoungGen      total 41984K, used 0K [0x00000000f5580000, 0x00000000f9200000, 0x0000000100000000)
  eden space 26624K, 0% used [0x00000000f5580000,0x00000000f5580000,0x00000000f6f80000)
  from space 15360K, 0% used [0x00000000f7f80000,0x00000000f7f80000,0x00000000f8e80000)
  to   space 16384K, 0% used [0x00000000f6f80000,0x00000000f6f80000,0x00000000f7f80000)
 ParOldGen       total 70656K, used 29452K [0x00000000e0000000, 0x00000000e4500000, 0x00000000f5580000)
  object space 70656K, 41% used [0x00000000e0000000,0x00000000e1cc3348,0x00000000e4500000)
 Metaspace       used 54799K, capacity 58940K, committed 59028K, reserved 1099776K
  class space    used 6745K, capacity 8105K, committed 8152K, reserved 1048576K
}
Event: 55.416 GC heap before
{Heap before GC invocations=18 (full 3):
 PSYoungGen      total 41984K, used 26624K [0x00000000f5580000, 0x00000000f9200000, 0x0000000100000000)
  eden space 26624K, 100% used [0x00000000f5580000,0x00000000f6f80000,0x00000000f6f80000)
  from space 15360K, 0% used [0x00000000f7f80000,0x00000000f7f80000,0x00000000f8e80000)
  to   space 16384K, 0% used [0x00000000f6f80000,0x00000000f6f80000,0x00000000f7f80000)
 ParOldGen       total 70656K, used 29452K [0x00000000e0000000, 0x00000000e4500000, 0x00000000f5580000)
  object space 70656K, 41% used [0x00000000e0000000,0x00000000e1cc3348,0x00000000e4500000)
 Metaspace       used 58425K, capacity 62776K, committed 62936K, reserved 1103872K
  class space    used 7258K, capacity 8597K, committed 8664K, reserved 1048576K
Event: 55.424 GC heap after
Heap after GC invocations=18 (full 3):
 PSYoungGen      total 43008K, used 6893K [0x00000000f5580000, 0x00000000f9500000, 0x0000000100000000)
  eden space 26624K, 0% used [0x00000000f5580000,0x00000000f5580000,0x00000000f6f80000)
  from space 16384K, 42% used [0x00000000f6f80000,0x00000000f763b4c0,0x00000000f7f80000)
  to   space 15872K, 0% used [0x00000000f8580000,0x00000000f8580000,0x00000000f9500000)
 ParOldGen       total 70656K, used 29460K [0x00000000e0000000, 0x00000000e4500000, 0x00000000f5580000)
  object space 70656K, 41% used [0x00000000e0000000,0x00000000e1cc5348,0x00000000e4500000)
 Metaspace       used 58425K, capacity 62776K, committed 62936K, reserved 1103872K
  class space    used 7258K, capacity 8597K, committed 8664K, reserved 1048576K
}
Event: 55.520 GC heap before
{Heap before GC invocations=19 (full 3):
 PSYoungGen      total 43008K, used 33517K [0x00000000f5580000, 0x00000000f9500000, 0x0000000100000000)
  eden space 26624K, 100% used [0x00000000f5580000,0x00000000f6f80000,0x00000000f6f80000)
  from space 16384K, 42% used [0x00000000f6f80000,0x00000000f763b4c0,0x00000000f7f80000)
  to   space 15872K, 0% used [0x00000000f8580000,0x00000000f8580000,0x00000000f9500000)
 ParOldGen       total 70656K, used 29460K [0x00000000e0000000, 0x00000000e4500000, 0x00000000f5580000)
  object space 70656K, 41% used [0x00000000e0000000,0x00000000e1cc5348,0x00000000e4500000)
 Metaspace       used 58437K, capacity 62776K, committed 62936K, reserved 1103872K
  class space    used 7258K, capacity 8597K, committed 8664K, reserved 1048576K
Event: 55.529 GC heap after
Heap after GC invocations=19 (full 3):
 PSYoungGen      total 49664K, used 7437K [0x00000000f5580000, 0x00000000f9980000, 0x0000000100000000)
  eden space 33792K, 0% used [0x00000000f5580000,0x00000000f5580000,0x00000000f7680000)
  from space 15872K, 46% used [0x00000000f8580000,0x00000000f8cc34e8,0x00000000f9500000)
  to   space 15360K, 0% used [0x00000000f7680000,0x00000000f7680000,0x00000000f8580000)
 ParOldGen       total 70656K, used 29460K [0x00000000e0000000, 0x00000000e4500000, 0x00000000f5580000)
  object space 70656K, 41% used [0x00000000e0000000,0x00000000e1cc5348,0x00000000e4500000)
 Metaspace       used 58437K, capacity 62776K, committed 62936K, reserved 1103872K
  class space    used 7258K, capacity 8597K, committed 8664K, reserved 1048576K
}
Event: 59.293 GC heap before
{Heap before GC invocations=20 (full 3):
 PSYoungGen      total 49664K, used 41229K [0x00000000f5580000, 0x00000000f9980000, 0x0000000100000000)
  eden space 33792K, 100% used [0x00000000f5580000,0x00000000f7680000,0x00000000f7680000)
  from space 15872K, 46% used [0x00000000f8580000,0x00000000f8cc34e8,0x00000000f9500000)
  to   space 15360K, 0% used [0x00000000f7680000,0x00000000f7680000,0x00000000f8580000)
 ParOldGen       total 70656K, used 29460K [0x00000000e0000000, 0x00000000e4500000, 0x00000000f5580000)
  object space 70656K, 41% used [0x00000000e0000000,0x00000000e1cc5348,0x00000000e4500000)
 Metaspace       used 62304K, capacity 66844K, committed 67032K, reserved 1107968K
  class space    used 7741K, capacity 9165K, committed 9176K, reserved 1048576K
Event: 59.309 GC heap after
Heap after GC invocations=20 (full 3):
 PSYoungGen      total 49152K, used 14347K [0x00000000f5580000, 0x00000000fa100000, 0x0000000100000000)
  eden space 33792K, 0% used [0x00000000f5580000,0x00000000f5580000,0x00000000f7680000)
  from space 15360K, 93% used [0x00000000f7680000,0x00000000f8482cd8,0x00000000f8580000)
  to   space 16896K, 0% used [0x00000000f9080000,0x00000000f9080000,0x00000000fa100000)
 ParOldGen       total 70656K, used 29468K [0x00000000e0000000, 0x00000000e4500000, 0x00000000f5580000)
  object space 70656K, 41% used [0x00000000e0000000,0x00000000e1cc7348,0x00000000e4500000)
 Metaspace       used 62304K, capacity 66844K, committed 67032K, reserved 1107968K
  class space    used 7741K, capacity 9165K, committed 9176K, reserved 1048576K
}

